<?xml version="1.0" encoding="UTF-8"?>
<testsuite xmlns:xsi="http://www.w3.org/2001/XMLSchema-instance" xsi:schemaLocation="https://maven.apache.org/surefire/maven-surefire-plugin/xsd/surefire-test-report.xsd" name="bla.tm.DevSiteTestsRunner" time="1,710.775" tests="860" errors="0" skipped="9" failures="9">
  <properties>
    <property name="java.runtime.name" value="Java(TM) SE Runtime Environment"/>
    <property name="sun.boot.library.path" value="/usr/lib/jvm/java-8-oracle/jre/lib/amd64"/>
    <property name="java.vm.version" value="25.31-b07"/>
    <property name="java.vm.vendor" value="Oracle Corporation"/>
    <property name="java.vendor.url" value="http://java.oracle.com/"/>
    <property name="path.separator" value=":"/>
    <property name="guice.disable.misplaced.annotation.check" value="true"/>
    <property name="java.vm.name" value="Java HotSpot(TM) 64-Bit Server VM"/>
    <property name="file.encoding.pkg" value="sun.io"/>
    <property name="user.country" value="US"/>
    <property name="sun.java.launcher" value="SUN_STANDARD"/>
    <property name="sun.os.patch.level" value="unknown"/>
    <property name="java.vm.specification.name" value="Java Virtual Machine Specification"/>
    <property name="user.dir" value="/home/travis/build/ticketmaster-api/ticketmaster-api.github.io"/>
    <property name="java.runtime.version" value="1.8.0_31-b13"/>
    <property name="java.awt.graphicsenv" value="sun.awt.X11GraphicsEnvironment"/>
    <property name="java.endorsed.dirs" value="/usr/lib/jvm/java-8-oracle/jre/lib/endorsed"/>
    <property name="os.arch" value="amd64"/>
    <property name="java.io.tmpdir" value="/tmp"/>
    <property name="line.separator" value="&#10;"/>
    <property name="java.vm.specification.vendor" value="Oracle Corporation"/>
    <property name="os.name" value="Linux"/>
    <property name="classworlds.conf" value="/usr/local/maven/bin/m2.conf"/>
    <property name="sun.jnu.encoding" value="UTF-8"/>
    <property name="java.library.path" value="/usr/java/packages/lib/amd64:/usr/lib64:/lib64:/lib:/usr/lib"/>
    <property name="java.specification.name" value="Java Platform API Specification"/>
    <property name="java.class.version" value="52.0"/>
    <property name="sun.management.compiler" value="HotSpot 64-Bit Tiered Compilers"/>
    <property name="maven.repo.local" value="/home/travis/.m2/repository"/>
    <property name="os.version" value="4.8.12-040812-generic"/>
    <property name="user.home" value="/home/travis"/>
    <property name="user.timezone" value="Etc/UTC"/>
    <property name="java.awt.printerjob" value="sun.print.PSPrinterJob"/>
    <property name="file.encoding" value="UTF-8"/>
    <property name="java.specification.version" value="1.8"/>
    <property name="metafilter" value="-prod -NotImplemented"/>
    <property name="user.name" value="travis"/>
    <property name="java.class.path" value="/usr/local/maven/boot/plexus-classworlds-2.5.2.jar"/>
    <property name="java.vm.specification.version" value="1.8"/>
    <property name="sun.arch.data.model" value="64"/>
    <property name="java.home" value="/usr/lib/jvm/java-8-oracle/jre"/>
    <property name="sun.java.command" value="org.codehaus.plexus.classworlds.launcher.Launcher verify -f ./tests/serenity/pom.xml -Dmetafilter=-prod -NotImplemented"/>
    <property name="java.specification.vendor" value="Oracle Corporation"/>
    <property name="user.language" value="en"/>
    <property name="awt.toolkit" value="sun.awt.X11.XToolkit"/>
    <property name="java.vm.info" value="mixed mode"/>
    <property name="java.version" value="1.8.0_31"/>
    <property name="java.ext.dirs" value="/usr/lib/jvm/java-8-oracle/jre/lib/ext:/usr/java/packages/lib/ext"/>
    <property name="securerandom.source" value="file:/dev/./urandom"/>
    <property name="sun.boot.class.path" value="/usr/lib/jvm/java-8-oracle/jre/lib/resources.jar:/usr/lib/jvm/java-8-oracle/jre/lib/rt.jar:/usr/lib/jvm/java-8-oracle/jre/lib/sunrsasign.jar:/usr/lib/jvm/java-8-oracle/jre/lib/jsse.jar:/usr/lib/jvm/java-8-oracle/jre/lib/jce.jar:/usr/lib/jvm/java-8-oracle/jre/lib/charsets.jar:/usr/lib/jvm/java-8-oracle/jre/lib/jfr.jar:/usr/lib/jvm/java-8-oracle/jre/classes"/>
    <property name="java.vendor" value="Oracle Corporation"/>
    <property name="maven.home" value="/usr/local/maven"/>
    <property name="file.separator" value="/"/>
    <property name="java.vendor.url.bug" value="http://bugreport.sun.com/bugreport/"/>
    <property name="sun.cpu.endian" value="little"/>
    <property name="sun.io.unicode.encoding" value="UnicodeLittle"/>
    <property name="sun.cpu.isalist" value=""/>
  </properties>
  <testcase name="BeforeStories" classname="java.lang.Object" time="0.044"/>
  <testcase name="Given open Blogs page" classname="bla.tm.definitions.site.BlogsDefinition" time="5.148"/>
  <testcase name="Then check general page elements for page, where DISQUS = false and LeftMenu = false" classname="bla.tm.definitions.site.BlogsDefinition" time="40.32"/>
  <testcase name="Scenario: |/blogs/| Verification for general page&apos;s elements" classname="Scenario: |/blogs/| Verification for general page&apos;s elements" time="40.379"/>
  <testcase name="Blogs.story" classname="Blogs.story" time="40.535"/>
  <testcase name="Given open Events page" classname="bla.tm.definitions.site.EventsDefinition" time="3.491"/>
  <testcase name="Then check general page elements for Events Page, where DISQUS = false and LeftMenu = true" classname="bla.tm.definitions.site.EventsDefinition" time="10.292"/>
  <testcase name="Scenario: |/events/| Verification for general page&apos;s elements" classname="Scenario: |/events/| Verification for general page&apos;s elements" time="10.328"/>
  <testcase name="Events.story" classname="Events.story" time="10.395"/>
  <testcase name="Given open Home page" classname="bla.tm.definitions.site.HomePageDefinition" time="3.081"/>
  <testcase name="Then check general page elements for Home Page, where DISQUS = false and LeftMenu = false" classname="bla.tm.definitions.site.HomePageDefinition" time="20.346"/>
  <testcase name="Scenario: |/Home Page/| Verification for general page elements" classname="Scenario: |/Home Page/| Verification for general page elements" time="20.393"/>
  <testcase name="Given open Home page​" classname="bla.tm.definitions.site.HomePageDefinition" time="3.42"/>
  <testcase name="Then check that Twitter&apos;s list of events is shown" classname="bla.tm.definitions.site.HomePageDefinition" time="0.214"/>
  <testcase name="Scenario: |/Home Page/| Verification for twitter&apos;s list of events" classname="Scenario: |/Home Page/| Verification for twitter&apos;s list of events" time="0.241"/>
  <testcase name="Given open Home page​​" classname="bla.tm.definitions.site.HomePageDefinition" time="5.1"/>
  <testcase name="When check visibility and click &lt;elementKey&gt; element of Home page" classname="bla.tm.definitions.site.HomePageDefinition" time="1.725"/>
  <testcase name="Then check that new page opened from Home page has &lt;pageURL&gt; and &lt;elementLocation&gt;" classname="bla.tm.definitions.site.HomePageDefinition" time="0.256"/>
  <testcase name="Given open Home page​​​" classname="bla.tm.definitions.site.HomePageDefinition" time="3.021"/>
  <testcase name="When check visibility and click &lt;elementKey&gt; element of Home page​" classname="bla.tm.definitions.site.HomePageDefinition" time="1.86"/>
  <testcase name="Then check that new page opened from Home page has &lt;pageURL&gt; and &lt;elementLocation&gt;​" classname="bla.tm.definitions.site.HomePageDefinition" time="0.636"/>
  <testcase name="Given open Home page​​​​" classname="bla.tm.definitions.site.HomePageDefinition" time="2.567"/>
  <testcase name="When check visibility and click &lt;elementKey&gt; element of Home page​​" classname="bla.tm.definitions.site.HomePageDefinition" time="1.287"/>
  <testcase name="Then check that new page opened from Home page has &lt;pageURL&gt; and &lt;elementLocation&gt;​​" classname="bla.tm.definitions.site.HomePageDefinition" time="1.458"/>
  <testcase name="Given open Home page​​​​​" classname="bla.tm.definitions.site.HomePageDefinition" time="5.118"/>
  <testcase name="When check visibility and click &lt;elementKey&gt; element of Home page​​​" classname="bla.tm.definitions.site.HomePageDefinition" time="1.248"/>
  <testcase name="Then check that new page opened from Home page has &lt;pageURL&gt; and &lt;elementLocation&gt;​​​" classname="bla.tm.definitions.site.HomePageDefinition" time="0.028"/>
  <testcase name="Given open Home page​​​​​​" classname="bla.tm.definitions.site.HomePageDefinition" time="3.682"/>
  <testcase name="When check visibility and click &lt;elementKey&gt; element of Home page​​​​" classname="bla.tm.definitions.site.HomePageDefinition" time="0.353"/>
  <testcase name="Then check that new page opened from Home page has &lt;pageURL&gt; and &lt;elementLocation&gt;​​​​" classname="bla.tm.definitions.site.HomePageDefinition" time="0.025"/>
  <testcase name="Given open Home page​​​​​​​" classname="bla.tm.definitions.site.HomePageDefinition" time="2.212"/>
  <testcase name="When check visibility and click &lt;elementKey&gt; element of Home page​​​​​" classname="bla.tm.definitions.site.HomePageDefinition" time="0.462"/>
  <testcase name="Then check that new page opened from Home page has &lt;pageURL&gt; and &lt;elementLocation&gt;​​​​​" classname="bla.tm.definitions.site.HomePageDefinition" time="0.03"/>
  <testcase name="Given open Home page​​​​​​​​" classname="bla.tm.definitions.site.HomePageDefinition" time="4.429"/>
  <testcase name="When check visibility and click &lt;elementKey&gt; element of Home page​​​​​​" classname="bla.tm.definitions.site.HomePageDefinition" time="0.386"/>
  <testcase name="Then check that new page opened from Home page has &lt;pageURL&gt; and &lt;elementLocation&gt;​​​​​​" classname="bla.tm.definitions.site.HomePageDefinition" time="0.029"/>
  <testcase name="Given open Home page​​​​​​​​​" classname="bla.tm.definitions.site.HomePageDefinition" time="4.901"/>
  <testcase name="When check visibility and click &lt;elementKey&gt; element of Home page​​​​​​​" classname="bla.tm.definitions.site.HomePageDefinition" time="3.099"/>
  <testcase name="Then check that new page opened from Home page has &lt;pageURL&gt; and &lt;elementLocation&gt;​​​​​​​" classname="bla.tm.definitions.site.HomePageDefinition" time="0.269"/>
  <testcase name="Given open Home page​​​​​​​​​​" classname="bla.tm.definitions.site.HomePageDefinition" time="2.681"/>
  <testcase name="When check visibility and click &lt;elementKey&gt; element of Home page​​​​​​​​" classname="bla.tm.definitions.site.HomePageDefinition" time="1.465"/>
  <testcase name="Then check that new page opened from Home page has &lt;pageURL&gt; and &lt;elementLocation&gt;​​​​​​​​" classname="bla.tm.definitions.site.HomePageDefinition" time="0.033"/>
  <testcase name="Given open Home page​​​​​​​​​​​" classname="bla.tm.definitions.site.HomePageDefinition" time="2.081"/>
  <testcase name="When check visibility and click &lt;elementKey&gt; element of Home page​​​​​​​​​" classname="bla.tm.definitions.site.HomePageDefinition" time="1.759"/>
  <testcase name="Then check that new page opened from Home page has &lt;pageURL&gt; and &lt;elementLocation&gt;​​​​​​​​​" classname="bla.tm.definitions.site.HomePageDefinition" time="0.078"/>
  <testcase name="Given open Home page​​​​​​​​​​​​" classname="bla.tm.definitions.site.HomePageDefinition" time="2.372"/>
  <testcase name="When check visibility and click &lt;elementKey&gt; element of Home page​​​​​​​​​​" classname="bla.tm.definitions.site.HomePageDefinition" time="1.861"/>
  <testcase name="Then check that new page opened from Home page has &lt;pageURL&gt; and &lt;elementLocation&gt;​​​​​​​​​​" classname="bla.tm.definitions.site.HomePageDefinition" time="0.025"/>
  <testcase name="Scenario: |/Home Page/| Verification for all the page links" classname="Scenario: |/Home Page/| Verification for all the page links" time="0.088"/>
  <testcase name="Home.story" classname="Home.story" time="0.09"/>
  <testcase name="Given open Home page​​​​​​​​​​​​​" classname="bla.tm.definitions.site.HomePageDefinition" time="2.839"/>
  <testcase name="When check visibility and click &lt;elementKey&gt; element of Home page​​​​​​​​​​​" classname="bla.tm.definitions.site.HomePageDefinition" time="0.303"/>
  <testcase name="Then check that new page opened from Home page has &lt;pageURL&gt; and &lt;pageTitle&gt;" classname="bla.tm.definitions.site.HomePageDefinition" time="0.023"/>
  <testcase name="Scenario: |/blogs/| Verification for general page&apos;s elements​" classname="Scenario: |/blogs/| Verification for general page&apos;s elements​" time="0.086"/>
  <testcase name="OpenSource.story" classname="OpenSource.story" time="0.087"/>
  <testcase name="Given open Home page​​​​​​​​​​​​​​" classname="bla.tm.definitions.site.HomePageDefinition" time="3.778"/>
  <testcase name="And insert Search Parameter &lt;searchRequest&gt; and navigate to Search page" classname="bla.tm.definitions.site.SearchDefinition" time="0.355"/>
  <testcase name="Then check general page elements for Search Page, where DISQUS = false and LeftMenu = false" classname="bla.tm.definitions.site.SearchDefinition" time="21.989"/>
  <testcase name="Scenario: |/search/| Verification for general page&apos;s elements" classname="Scenario: |/search/| Verification for general page&apos;s elements" time="22.056"/>
  <testcase name="Search.story" classname="Search.story" time="22.057"/>
  <testcase name="Then check general page elements for Pantheon Create New Account page" classname="bla.tm.definitions.site.pantheon.CreateNewAccountDefinition" time="3.067"/>
  <testcase name="Then check general page elements for Pantheon Create New Account page" classname="bla.tm.definitions.site.pantheon.CreateNewAccountDefinition" time="2.884"/>
  <testcase name="Then check general page elements for Pantheon Create New Account page" classname="bla.tm.definitions.site.pantheon.CreateNewAccountDefinition" time="0.934"/>
  <testcase name="Then check general page elements for Pantheon Create New Account page" classname="bla.tm.definitions.site.pantheon.CreateNewAccountDefinition" time="20.229"/>
  <testcase name="Scenario: |developer-acct.ticketmaster.com/user/register| Verification for general page&apos;s elements" classname="Scenario: |developer-acct.ticketmaster.com/user/register| Verification for general page&apos;s elements" time="20.254"/>
  <testcase name="When enter register values on Create New Account Page:" classname="bla.tm.definitions.site.pantheon.CreateNewAccountDefinition" time="2.839"/>
  <testcase name="When click checkbox Terms of Use" classname="bla.tm.definitions.site.pantheon.CreateNewAccountDefinition" time="1.115"/>
  <testcase name="When click Create New Account on Register Page" classname="bla.tm.definitions.site.pantheon.CreateNewAccountDefinition" time="0.886"/>
  <testcase name="Then the message The answer you entered for the CAPTCHA was not correct. is displayed" classname="bla.tm.definitions.site.pantheon.UserAppsDefinition" time="0.68"/>
  <testcase name="Then the message The answer you entered for the CAPTCHA was not correct. is displayed" classname="bla.tm.definitions.site.pantheon.UserAppsDefinition" time="0.115"/>
  <testcase name="Then the message The answer you entered for the CAPTCHA was not correct. is displayed" classname="bla.tm.definitions.site.pantheon.UserAppsDefinition" time="1.523"/>
  <testcase name="Then the message The answer you entered for the CAPTCHA was not correct. is displayed" classname="bla.tm.definitions.site.pantheon.UserAppsDefinition" time="0.045"/>
  <testcase name="Scenario: |developer-acct.ticketmaster.com/user/register| [2.2.3.14 Create New Account - fail the CAPTCHA check]" classname="Scenario: |developer-acct.ticketmaster.com/user/register| [2.2.3.14 Create New Account - fail the CAPTCHA check]" time="0.07"/>
  <testcase name="When enter register values on Create New Account Page:​" classname="bla.tm.definitions.site.pantheon.CreateNewAccountDefinition" time="2.01"/>
  <testcase name="When click Create New Account on Register Page​" classname="bla.tm.definitions.site.pantheon.CreateNewAccountDefinition" time="0.969"/>
  <testcase name="Then the message I agree to the Terms of Use field is required. is displayed" classname="bla.tm.definitions.site.pantheon.UserAppsDefinition" time="0.879"/>
  <testcase name="Then the message I agree to the Terms of Use field is required. is displayed" classname="bla.tm.definitions.site.pantheon.UserAppsDefinition" time="0.651"/>
  <testcase name="Then the message I agree to the Terms of Use field is required. is displayed" classname="bla.tm.definitions.site.pantheon.UserAppsDefinition" time="1.751"/>
  <testcase name="Then the message I agree to the Terms of Use field is required. is displayed" classname="bla.tm.definitions.site.pantheon.UserAppsDefinition" time="0.145"/>
  <testcase name="Scenario: |developer-acct.ticketmaster.com/user/register| [2.2.3.31 Edit Profile - I Agree To The Terms &amp; Conditions checkbox]" classname="Scenario: |developer-acct.ticketmaster.com/user/register| [2.2.3.31 Edit Profile - I Agree To The Terms &amp; Conditions checkbox]" time="0.17"/>
  <testcase name="When enter register values on Create New Account Page:​​" classname="bla.tm.definitions.site.pantheon.CreateNewAccountDefinition" time="2.025"/>
  <testcase name="When click checkbox Terms of Use​" classname="bla.tm.definitions.site.pantheon.CreateNewAccountDefinition" time="0.937"/>
  <testcase name="When click Create New Account on Register Page​​" classname="bla.tm.definitions.site.pantheon.CreateNewAccountDefinition" time="0.872"/>
  <testcase name="Then the message First Name field is required. is displayed" classname="bla.tm.definitions.site.pantheon.UserAppsDefinition" time="0.67"/>
  <testcase name="Then the message First Name field is required. is displayed" classname="bla.tm.definitions.site.pantheon.UserAppsDefinition" time="0.114"/>
  <testcase name="Then the message First Name field is required. is displayed" classname="bla.tm.definitions.site.pantheon.UserAppsDefinition" time="0.868"/>
  <testcase name="Then the message First Name field is required. is displayed" classname="bla.tm.definitions.site.pantheon.UserAppsDefinition" time="0.141"/>
  <testcase name="Scenario: |developer-acct.ticketmaster.com/user/register| [Create New Account - First Name validation]" classname="Scenario: |developer-acct.ticketmaster.com/user/register| [Create New Account - First Name validation]" time="0.169"/>
  <testcase name="When enter register values on Create New Account Page:​​​" classname="bla.tm.definitions.site.pantheon.CreateNewAccountDefinition" time="1.996"/>
  <testcase name="When click checkbox Terms of Use​​" classname="bla.tm.definitions.site.pantheon.CreateNewAccountDefinition" time="0.911"/>
  <testcase name="When click Create New Account on Register Page​​​" classname="bla.tm.definitions.site.pantheon.CreateNewAccountDefinition" time="0.891"/>
  <testcase name="Then the message Last Name field is required. is displayed" classname="bla.tm.definitions.site.pantheon.UserAppsDefinition" time="0.644"/>
  <testcase name="Then the message Last Name field is required. is displayed" classname="bla.tm.definitions.site.pantheon.UserAppsDefinition" time="0.122"/>
  <testcase name="Then the message Last Name field is required. is displayed" classname="bla.tm.definitions.site.pantheon.UserAppsDefinition" time="0.85"/>
  <testcase name="Then the message Last Name field is required. is displayed" classname="bla.tm.definitions.site.pantheon.UserAppsDefinition" time="0.146"/>
  <testcase name="Scenario: |developer-acct.ticketmaster.com/user/register| [Create New Account - Company Name validation]" classname="Scenario: |developer-acct.ticketmaster.com/user/register| [Create New Account - Company Name validation]" time="0.17"/>
  <testcase name="When enter register values on Create New Account Page:​​​​" classname="bla.tm.definitions.site.pantheon.CreateNewAccountDefinition" time="2.774"/>
  <testcase name="When click checkbox Terms of Use​​​" classname="bla.tm.definitions.site.pantheon.CreateNewAccountDefinition" time="0.836"/>
  <testcase name="When click Create New Account on Register Page​​​​" classname="bla.tm.definitions.site.pantheon.CreateNewAccountDefinition" time="0.89"/>
  <testcase name="Then the message Company Name field is required. is displayed" classname="bla.tm.definitions.site.pantheon.UserAppsDefinition" time="0.637"/>
  <testcase name="Then the message Company Name field is required. is displayed" classname="bla.tm.definitions.site.pantheon.UserAppsDefinition" time="0.116"/>
  <testcase name="Then the message Company Name field is required. is displayed" classname="bla.tm.definitions.site.pantheon.UserAppsDefinition" time="0.853"/>
  <testcase name="Then the message Company Name field is required. is displayed" classname="bla.tm.definitions.site.pantheon.UserAppsDefinition" time="0.148"/>
  <testcase name="Scenario: |developer-acct.ticketmaster.com/user/register| [Create New Account - Company Name validation]​" classname="Scenario: |developer-acct.ticketmaster.com/user/register| [Create New Account - Company Name validation]​" time="0.174"/>
  <testcase name="When enter register values on Create New Account Page:​​​​​" classname="bla.tm.definitions.site.pantheon.CreateNewAccountDefinition" time="3.657"/>
  <testcase name="When click checkbox Terms of Use​​​​" classname="bla.tm.definitions.site.pantheon.CreateNewAccountDefinition" time="0.823"/>
  <testcase name="When click Create New Account on Register Page​​​​​" classname="bla.tm.definitions.site.pantheon.CreateNewAccountDefinition" time="0.835"/>
  <testcase name="Then the message Company Site URL field is required. is displayed" classname="bla.tm.definitions.site.pantheon.UserAppsDefinition" time="0.649"/>
  <testcase name="Then the message Company Site URL field is required. is displayed" classname="bla.tm.definitions.site.pantheon.UserAppsDefinition" time="0.116"/>
  <testcase name="Then the message Company Site URL field is required. is displayed" classname="bla.tm.definitions.site.pantheon.UserAppsDefinition" time="0.876"/>
  <testcase name="Then the message Company Site URL field is required. is displayed" classname="bla.tm.definitions.site.pantheon.UserAppsDefinition" time="0.143"/>
  <testcase name="Scenario: |developer-acct.ticketmaster.com/user/register| [Create New Account - Company Site URL validation]" classname="Scenario: |developer-acct.ticketmaster.com/user/register| [Create New Account - Company Site URL validation]" time="0.17"/>
  <testcase name="When enter register values on Create New Account Page:​​​​​​" classname="bla.tm.definitions.site.pantheon.CreateNewAccountDefinition" time="2.385"/>
  <testcase name="When click checkbox Terms of Use​​​​​" classname="bla.tm.definitions.site.pantheon.CreateNewAccountDefinition" time="0.841"/>
  <testcase name="When click Create New Account on Register Page​​​​​​" classname="bla.tm.definitions.site.pantheon.CreateNewAccountDefinition" time="0.842"/>
  <testcase name="Then the message Username field is required. is displayed" classname="bla.tm.definitions.site.pantheon.UserAppsDefinition" time="0.637"/>
  <testcase name="Then the message Username field is required. is displayed" classname="bla.tm.definitions.site.pantheon.UserAppsDefinition" time="0.124"/>
  <testcase name="Then the message Username field is required. is displayed" classname="bla.tm.definitions.site.pantheon.UserAppsDefinition" time="0.858"/>
  <testcase name="Then the message Username field is required. is displayed" classname="bla.tm.definitions.site.pantheon.UserAppsDefinition" time="0.147"/>
  <testcase name="Scenario: |developer-acct.ticketmaster.com/user/register| [Create New Account - Username validation]" classname="Scenario: |developer-acct.ticketmaster.com/user/register| [Create New Account - Username validation]" time="0.177"/>
  <testcase name="When enter register values on Create New Account Page:​​​​​​​" classname="bla.tm.definitions.site.pantheon.CreateNewAccountDefinition" time="1.997"/>
  <testcase name="When click checkbox Terms of Use​​​​​​" classname="bla.tm.definitions.site.pantheon.CreateNewAccountDefinition" time="1.276"/>
  <testcase name="When click Create New Account on Register Page​​​​​​​" classname="bla.tm.definitions.site.pantheon.CreateNewAccountDefinition" time="0.822"/>
  <testcase name="Then the message E-mail address field is required. is displayed" classname="bla.tm.definitions.site.pantheon.UserAppsDefinition" time="0.62"/>
  <testcase name="Then the message E-mail address field is required. is displayed" classname="bla.tm.definitions.site.pantheon.UserAppsDefinition" time="0.114"/>
  <testcase name="Then the message E-mail address field is required. is displayed" classname="bla.tm.definitions.site.pantheon.UserAppsDefinition" time="0.834"/>
  <testcase name="Then the message E-mail address field is required. is displayed" classname="bla.tm.definitions.site.pantheon.UserAppsDefinition" time="0.142"/>
  <testcase name="Scenario: |developer-acct.ticketmaster.com/user/register| [Create New Account - Email validation]" classname="Scenario: |developer-acct.ticketmaster.com/user/register| [Create New Account - Email validation]" time="0.164"/>
  <testcase name="CreateNewAccount.story" classname="CreateNewAccount.story" time="0.227"/>
  <testcase name="Given open Home page​​​​​​​​​​​​​​​" classname="bla.tm.definitions.site.HomePageDefinition" time="1.897"/>
  <testcase name="When navigate to Pantheon LogIn page from Home page" classname="bla.tm.definitions.site.HomePageDefinition" time="0.941"/>
  <testcase name="When navigate to Pantheon User Account page from LogIn page" classname="bla.tm.definitions.site.pantheon.UserLogInDefinition" time="4.666"/>
  <testcase name="When navigate to Pantheon Edit Profile page from User Account page" classname="bla.tm.definitions.site.pantheon.UserAccountDefinition" time="3.898"/>
  <testcase name="Then check general page elements for Pantheon Edit Profile page" classname="bla.tm.definitions.site.pantheon.EditProfileDefinition" time="20.295"/>
  <testcase name="Scenario: |developer-acct.ticketmaster.com/user/1554/edit| Verification for general page&apos;s elements" classname="Scenario: |developer-acct.ticketmaster.com/user/1554/edit| Verification for general page&apos;s elements" time="20.331"/>
  <testcase name="EditProfile.story" classname="EditProfile.story" time="20.399"/>
  <testcase name="Given open Home page​​​​​​​​​​​​​​​​" classname="bla.tm.definitions.site.HomePageDefinition" time="2.404"/>
  <testcase name="When navigate to Pantheon LogIn page from Home page​" classname="bla.tm.definitions.site.HomePageDefinition" time="0.98"/>
  <testcase name="When navigate to Pantheon Request New Password page from LogIn page" classname="bla.tm.definitions.site.pantheon.UserLogInDefinition" time="0.346"/>
  <testcase name="Then check general page elements for Pantheon Request New Password page" classname="bla.tm.definitions.site.pantheon.RequestNewPasswordDefinition" time="20.348"/>
  <testcase name="Scenario: |developer-acct.ticketmaster.com/user/password| Verification for general page&apos;s elements" classname="Scenario: |developer-acct.ticketmaster.com/user/password| Verification for general page&apos;s elements" time="20.371"/>
  <testcase name="RequestNewPassword.story" classname="RequestNewPassword.story" time="20.442"/>
  <testcase name="Given open Home page​​​​​​​​​​​​​​​​​" classname="bla.tm.definitions.site.HomePageDefinition" time="2.834"/>
  <testcase name="When navigate to Pantheon LogIn page from Home page​​" classname="bla.tm.definitions.site.HomePageDefinition" time="1.051"/>
  <testcase name="When navigate to Pantheon User Account page from LogIn page​" classname="bla.tm.definitions.site.pantheon.UserLogInDefinition" time="5.137"/>
  <testcase name="Then check general page elements for Pantheon User Account page" classname="bla.tm.definitions.site.pantheon.UserAccountDefinition" time="0.689">
    <failure message="expected:&lt;T[here are no applications here.&#10;Create something]!&gt; but was:&lt;T[HESE ARE YOUR APPS!&#10;EXPLORE THEM]!&gt;" type="org.junit.ComparisonFailure"><![CDATA[org.junit.ComparisonFailure: 
expected:<T[here are no applications here.
Create something]!> but was:<T[HESE ARE YOUR APPS!
EXPLORE THEM]!>
	at bla.tm.definitions.site.pantheon.UserAccountDefinition.checkGeneralPageElements(UserAccountDefinition.java:27)
]]></failure>
    <system-out><![CDATA[Then check general page elements for Pantheon User Account page (FAILED)
(org.junit.ComparisonFailure: expected:<T[here are no applications here.
Create something]!> but was:<T[HESE ARE YOUR APPS!
EXPLORE THEM]!>)
]]></system-out>
  </testcase>
  <testcase name="Scenario: |developer-acct.ticketmaster.com/user/1554/apps| Verification for general page&apos;s elements [2.2.3.4 Login - Password field - enter valid password]" classname="Scenario: |developer-acct.ticketmaster.com/user/1554/apps| Verification for general page&apos;s elements [2.2.3.4 Login - Password field - enter valid password]" time="0.714">
    <failure message="scenario failed!" type="java.lang.AssertionError">java.lang.AssertionError: scenario failed!
</failure>
    <system-out><![CDATA[
org.junit.ComparisonFailure: expected:<T[here are no applications here.
Create something]!> but was:<T[HESE ARE YOUR APPS!
EXPLORE THEM]!>
	at org.junit.Assert.assertEquals(Assert.java:115)
	at org.junit.Assert.assertEquals(Assert.java:144)
	at bla.tm.steps.pantheon.UserAccountSteps.checkIfTitleIsCorrect(UserAccountSteps.java:25)
	at bla.tm.steps.pantheon.UserAccountSteps$$EnhancerByCGLIB$$4d58fb7e.CGLIB$checkIfTitleIsCorrect$1(<generated>)
	at bla.tm.steps.pantheon.UserAccountSteps$$EnhancerByCGLIB$$4d58fb7e$$FastClassByCGLIB$$301e3b88.invoke(<generated>)
	at net.sf.cglib.proxy.MethodProxy.invokeSuper(MethodProxy.java:228)
	at net.thucydides.core.steps.StepInterceptor.invokeMethod(StepInterceptor.java:372)
	at net.thucydides.core.steps.StepInterceptor.executeTestStepMethod(StepInterceptor.java:357)
	at net.thucydides.core.steps.StepInterceptor.runTestStep(StepInterceptor.java:332)
	at net.thucydides.core.steps.StepInterceptor.testStepResult(StepInterceptor.java:134)
	at net.thucydides.core.steps.StepInterceptor.intercept(StepInterceptor.java:61)
	at bla.tm.steps.pantheon.UserAccountSteps$$EnhancerByCGLIB$$4d58fb7e.checkIfTitleIsCorrect(<generated>)
	at bla.tm.definitions.site.pantheon.UserAccountDefinition.checkGeneralPageElements(UserAccountDefinition.java:27)
	(reflection-invoke)
	at org.jbehave.core.steps.StepCreator$ParametrisedStep.perform(StepCreator.java:733)
	at org.jbehave.core.embedder.PerformableTree$FineSoFar.run(PerformableTree.java:346)
...
]]></system-out>
  </testcase>
  <testcase name="UserAccount.story" classname="UserAccount.story" time="0.847">
    <failure message="story failed!" type="java.lang.AssertionError">java.lang.AssertionError: story failed!
</failure>
    <system-out><![CDATA[
]]></system-out>
    <system-err><![CDATA[[pool-1-thread-1] ERROR net.serenitybdd.core.Serenity - 
           __  _____ _____ ____ _____   _____ _    ___ _     _____ ____  
  _       / / |_   _| ____/ ___|_   _| |  ___/ \  |_ _| |   | ____|  _ \ 
 (_)_____| |    | | |  _| \___ \ | |   | |_ / _ \  | || |   |  _| | | | |
  _|_____| |    | | | |___ ___) || |   |  _/ ___ \ | || |___| |___| |_| |
 (_)     | |    |_| |_____|____/ |_|   |_|/_/   \_\___|_____|_____|____/ 
          \_\                                                            

TEST FAILED: (developer-acct.ticketmaster.com/user/1554/apps) Verification for general page's elements [2.2.3.4 Login - Password field - enter valid password]
--------------------------------------------------------------------------
[pool-1-thread-1] ERROR net.serenitybdd.core.Serenity - TEST FAILED AT STEP Check if title is correct
[pool-1-thread-1] ERROR net.serenitybdd.core.Serenity - expected:<T[here are no applications here.Create something]!> but was:<T[HESE ARE YOUR APPS!EXPLORE THEM]!>
]]></system-err>
  </testcase>
  <testcase name="When navigate to Pantheon Add New App page from User Account page" classname="bla.tm.definitions.site.pantheon.UserAccountDefinition" time="2.342"/>
  <testcase name="Then check general page elements for Pantheon Add New App page" classname="bla.tm.definitions.site.pantheon.UserAppsDefinition" time="1.024"/>
  <testcase name="Then check general page elements for Pantheon Add New App page" classname="bla.tm.definitions.site.pantheon.UserAppsDefinition" time="4.615"/>
  <testcase name="Then check general page elements for Pantheon Add New App page" classname="bla.tm.definitions.site.pantheon.UserAppsDefinition" time="2.302"/>
  <testcase name="Then check general page elements for Pantheon Add New App page" classname="bla.tm.definitions.site.pantheon.UserAppsDefinition" time="20.427"/>
  <testcase name="Scenario: |developer-acct.ticketmaster.com/user/1554/apps/add| Verification for general page&apos;s elements" classname="Scenario: |developer-acct.ticketmaster.com/user/1554/apps/add| Verification for general page&apos;s elements" time="20.454"/>
  <testcase name="Given navigate to Pantheon Add New App page from User Account page" classname="bla.tm.definitions.site.pantheon.UserAccountDefinition" time="2.117"/>
  <testcase name="When enter to the field &lt;appFormField&gt; value &lt;appName&gt;" classname="bla.tm.definitions.site.pantheon.UserAppsDefinition" time="0.963"/>
  <testcase name="When save changes on Edit App Page" classname="bla.tm.definitions.site.pantheon.UserAppsDefinition" time="4.337"/>
  <testcase name="Then the message &lt;message&gt; is displayed" classname="bla.tm.definitions.site.pantheon.UserAppsDefinition" time="1.944"/>
  <testcase name="Then the message &lt;message&gt; is displayed" classname="bla.tm.definitions.site.pantheon.UserAppsDefinition" time="0.218"/>
  <testcase name="Then the message &lt;message&gt; is displayed" classname="bla.tm.definitions.site.pantheon.UserAppsDefinition" time="1.975"/>
  <testcase name="Then the message &lt;message&gt; is displayed" classname="bla.tm.definitions.site.pantheon.UserAppsDefinition" time="0.655"/>
  <testcase name="Given navigate to Pantheon Add New App page from User Account page​" classname="bla.tm.definitions.site.pantheon.UserAccountDefinition" time="2.367"/>
  <testcase name="When enter to the field &lt;appFormField&gt; value &lt;appName&gt;​" classname="bla.tm.definitions.site.pantheon.UserAppsDefinition" time="1.036"/>
  <testcase name="When save changes on Edit App Page​" classname="bla.tm.definitions.site.pantheon.UserAppsDefinition" time="4.833"/>
  <testcase name="Then the message &lt;message&gt; is displayed​" classname="bla.tm.definitions.site.pantheon.UserAppsDefinition" time="2.072"/>
  <testcase name="Then the message &lt;message&gt; is displayed​" classname="bla.tm.definitions.site.pantheon.UserAppsDefinition" time="0.381"/>
  <testcase name="Then the message &lt;message&gt; is displayed​" classname="bla.tm.definitions.site.pantheon.UserAppsDefinition" time="1.93"/>
  <testcase name="Then the message &lt;message&gt; is displayed​" classname="bla.tm.definitions.site.pantheon.UserAppsDefinition" time="0.874"/>
  <testcase name="Scenario: |Pantheon|Add new App| Add new App negative [2.1.15 Add New App - The required field is empty]" classname="Scenario: |Pantheon|Add new App| Add new App negative [2.1.15 Add New App - The required field is empty]" time="0.942"/>
  <testcase name="Given navigate to Pantheon Add New App page from User Account page​​" classname="bla.tm.definitions.site.pantheon.UserAccountDefinition" time="3.246"/>
  <testcase name="When enter to the field Application name value uniqueApp" classname="bla.tm.definitions.site.pantheon.UserAppsDefinition" time="1.343"/>
  <testcase name="When enter to the field Redirect URI value https://oauth.ticketmaster.com" classname="bla.tm.definitions.site.pantheon.UserAppsDefinition" time="5.051"/>
  <testcase name="And save changes on Edit App Page" classname="bla.tm.definitions.site.pantheon.UserAppsDefinition" time="1.876"/>
  <testcase name="Then the message App Created! is displayed" classname="bla.tm.definitions.site.pantheon.UserAppsDefinition" time="0.202"/>
  <testcase name="Then open my Apps page" classname="bla.tm.definitions.site.pantheon.UserAppsDefinition" time="0.132"/>
  <testcase name="And the App is appeared in the list of apps" classname="bla.tm.definitions.site.pantheon.UserAppsDefinition" time="9.744"/>
  <testcase name="And the App is appeared in the list of apps" classname="bla.tm.definitions.site.pantheon.UserAppsDefinition" time="0.663"/>
  <testcase name="And the App is appeared in the list of apps" classname="bla.tm.definitions.site.pantheon.UserAppsDefinition" time="0.113"/>
  <testcase name="And the App is appeared in the list of apps" classname="bla.tm.definitions.site.pantheon.UserAppsDefinition" time="0.189"/>
  <testcase name="Scenario: |Pantheon|Add new App| [2.1.5 Add new App with values positive]" classname="Scenario: |Pantheon|Add new App| [2.1.5 Add new App with values positive]" time="0.269"/>
  <testcase name="Given open my Apps page" classname="bla.tm.definitions.site.pantheon.UserAppsDefinition" time="4.102"/>
  <testcase name="And open Edit App Page for the first application" classname="bla.tm.definitions.site.pantheon.UserAppsDefinition" time="1.08"/>
  <testcase name="When clear field &lt;appFormField&gt; on Edit App Page" classname="bla.tm.definitions.site.pantheon.UserAppsDefinition" time="5.33"/>
  <testcase name="And save changes on Edit App Page​" classname="bla.tm.definitions.site.pantheon.UserAppsDefinition" time="0.272"/>
  <testcase name="Then the message &lt;formError&gt; is displayed" classname="bla.tm.definitions.site.pantheon.UserAppsDefinition" time="0.258"/>
  <testcase name="Then the message &lt;formError&gt; is displayed" classname="bla.tm.definitions.site.pantheon.UserAppsDefinition" time="3.17"/>
  <testcase name="Then the message &lt;formError&gt; is displayed" classname="bla.tm.definitions.site.pantheon.UserAppsDefinition" time="3.839"/>
  <testcase name="Then the message &lt;formError&gt; is displayed" classname="bla.tm.definitions.site.pantheon.UserAppsDefinition" time="0.541"/>
  <testcase name="Given open my Apps page​" classname="bla.tm.definitions.site.pantheon.UserAppsDefinition" time="2.154"/>
  <testcase name="And open Edit App Page for the first application​" classname="bla.tm.definitions.site.pantheon.UserAppsDefinition" time="0.964"/>
  <testcase name="When clear field &lt;appFormField&gt; on Edit App Page​" classname="bla.tm.definitions.site.pantheon.UserAppsDefinition" time="4.899"/>
  <testcase name="And save changes on Edit App Page​​" classname="bla.tm.definitions.site.pantheon.UserAppsDefinition" time="0.231"/>
  <testcase name="Then the message &lt;formError&gt; is displayed​" classname="bla.tm.definitions.site.pantheon.UserAppsDefinition" time="0.274"/>
  <testcase name="Then the message &lt;formError&gt; is displayed​" classname="bla.tm.definitions.site.pantheon.UserAppsDefinition" time="3.571"/>
  <testcase name="Then the message &lt;formError&gt; is displayed​" classname="bla.tm.definitions.site.pantheon.UserAppsDefinition" time="3.985"/>
  <testcase name="Then the message &lt;formError&gt; is displayed​" classname="bla.tm.definitions.site.pantheon.UserAppsDefinition" time="0.581"/>
  <testcase name="Scenario: |Pantheon|Edit App| Edit app with empty required fields negative" classname="Scenario: |Pantheon|Edit App| Edit app with empty required fields negative" time="0.644"/>
  <testcase name="Given open my Apps page​​" classname="bla.tm.definitions.site.pantheon.UserAppsDefinition" time="5.202"/>
  <testcase name="And open Edit App Page for the first application​​" classname="bla.tm.definitions.site.pantheon.UserAppsDefinition" time="0.898"/>
  <testcase name="When clear field &lt;appFormField&gt; on Edit App Page​​" classname="bla.tm.definitions.site.pantheon.UserAppsDefinition" time="5.406"/>
  <testcase name="And enter to the field &lt;appFormField&gt; value &lt;appValue&gt;" classname="bla.tm.definitions.site.pantheon.UserAppsDefinition" time="0.216"/>
  <testcase name="And save changes on Edit App Page​​​" classname="bla.tm.definitions.site.pantheon.UserAppsDefinition" time="0.321"/>
  <testcase name="And the message App Updated! is displayed" classname="bla.tm.definitions.site.pantheon.UserAppsDefinition" time="3.119"/>
  <testcase name="And open my Apps page" classname="bla.tm.definitions.site.pantheon.UserAppsDefinition" time="0.051"/>
  <testcase name="And open Details tab on the application" classname="bla.tm.definitions.site.pantheon.UserAppsDefinition" time="11.906"/>
  <testcase name="Then &lt;detailName&gt; have been applied on Edit App Page with value &lt;appValue&gt;" classname="bla.tm.definitions.site.pantheon.UserAppsDefinition" time="0.622"/>
  <testcase name="Then &lt;detailName&gt; have been applied on Edit App Page with value &lt;appValue&gt;" classname="bla.tm.definitions.site.pantheon.UserAppsDefinition" time="0.092"/>
  <testcase name="Then &lt;detailName&gt; have been applied on Edit App Page with value &lt;appValue&gt;" classname="bla.tm.definitions.site.pantheon.UserAppsDefinition" time="0.16"/>
  <testcase name="Then &lt;detailName&gt; have been applied on Edit App Page with value &lt;appValue&gt;" classname="bla.tm.definitions.site.pantheon.UserAppsDefinition" time="0.138"/>
  <testcase name="Given open my Apps page​​​" classname="bla.tm.definitions.site.pantheon.UserAppsDefinition" time="2.027"/>
  <testcase name="And open Edit App Page for the first application​​​" classname="bla.tm.definitions.site.pantheon.UserAppsDefinition" time="0.883"/>
  <testcase name="When clear field &lt;appFormField&gt; on Edit App Page​​​" classname="bla.tm.definitions.site.pantheon.UserAppsDefinition" time="3.531"/>
  <testcase name="And enter to the field &lt;appFormField&gt; value &lt;appValue&gt;​" classname="bla.tm.definitions.site.pantheon.UserAppsDefinition" time="0.194"/>
  <testcase name="And save changes on Edit App Page​​​​" classname="bla.tm.definitions.site.pantheon.UserAppsDefinition" time="0.248"/>
  <testcase name="And the message App Updated! is displayed​" classname="bla.tm.definitions.site.pantheon.UserAppsDefinition" time="3.543"/>
  <testcase name="And open my Apps page​" classname="bla.tm.definitions.site.pantheon.UserAppsDefinition" time="0.116"/>
  <testcase name="And open Details tab on the application​" classname="bla.tm.definitions.site.pantheon.UserAppsDefinition" time="10.412"/>
  <testcase name="Then &lt;detailName&gt; have been applied on Edit App Page with value &lt;appValue&gt;​" classname="bla.tm.definitions.site.pantheon.UserAppsDefinition" time="0.622"/>
  <testcase name="Then &lt;detailName&gt; have been applied on Edit App Page with value &lt;appValue&gt;​" classname="bla.tm.definitions.site.pantheon.UserAppsDefinition" time="0.089"/>
  <testcase name="Then &lt;detailName&gt; have been applied on Edit App Page with value &lt;appValue&gt;​" classname="bla.tm.definitions.site.pantheon.UserAppsDefinition" time="0.146"/>
  <testcase name="Then &lt;detailName&gt; have been applied on Edit App Page with value &lt;appValue&gt;​" classname="bla.tm.definitions.site.pantheon.UserAppsDefinition" time="0.154"/>
  <testcase name="Scenario: |Pantheon|Edit App| Edit app positive [2.1.8 Edit application]" classname="Scenario: |Pantheon|Edit App| Edit app positive [2.1.8 Edit application]" time="0.217"/>
  <testcase name="Given open my Apps page​​​​" classname="bla.tm.definitions.site.pantheon.UserAppsDefinition" time="2.483"/>
  <testcase name="When delete first App" classname="bla.tm.definitions.site.pantheon.UserAppsDefinition" time="0.947"/>
  <testcase name="Then the message App Deleted! is displayed" classname="bla.tm.definitions.site.pantheon.UserAppsDefinition" time="4.063"/>
  <testcase name="And the predefined app is removed from the list of apps" classname="bla.tm.definitions.site.pantheon.UserAppsDefinition" time="0.195"/>
  <testcase name="And the predefined app is removed from the list of apps" classname="bla.tm.definitions.site.pantheon.UserAppsDefinition" time="11.345"/>
  <testcase name="And the predefined app is removed from the list of apps" classname="bla.tm.definitions.site.pantheon.UserAppsDefinition" time="0.631"/>
  <testcase name="And the predefined app is removed from the list of apps" classname="bla.tm.definitions.site.pantheon.UserAppsDefinition" time="0.399">
    <failure type="java.lang.AssertionError">java.lang.AssertionError
	at bla.tm.definitions.site.pantheon.UserAppsDefinition.appIsRemovedFromTheListOfApps(UserAppsDefinition.java:84)
</failure>
    <system-out><![CDATA[And the predefined app is removed from the list of apps (FAILED)
(java.lang.AssertionError)
]]></system-out>
  </testcase>
  <testcase name="Scenario: |Pantheon|Delete App| Delete App positive [2.1.9 Delete application]" classname="Scenario: |Pantheon|Delete App| Delete App positive [2.1.9 Delete application]" time="0.414">
    <failure message="scenario failed!" type="java.lang.AssertionError">java.lang.AssertionError: scenario failed!
</failure>
    <system-out><![CDATA[
java.lang.AssertionError
	at org.junit.Assert.fail(Assert.java:86)
	at org.junit.Assert.assertTrue(Assert.java:41)
	at org.junit.Assert.assertFalse(Assert.java:64)
	at org.junit.Assert.assertFalse(Assert.java:74)
	at bla.tm.steps.pantheon.UserAppsSteps.checkIsAppNotExists(UserAppsSteps.java:76)
	at bla.tm.steps.pantheon.UserAppsSteps$$EnhancerByCGLIB$$12fc2311.CGLIB$checkIsAppNotExists$12(<generated>)
	at bla.tm.steps.pantheon.UserAppsSteps$$EnhancerByCGLIB$$12fc2311$$FastClassByCGLIB$$e336c291.invoke(<generated>)
	at net.sf.cglib.proxy.MethodProxy.invokeSuper(MethodProxy.java:228)
	at net.thucydides.core.steps.StepInterceptor.invokeMethod(StepInterceptor.java:372)
	at net.thucydides.core.steps.StepInterceptor.executeTestStepMethod(StepInterceptor.java:357)
	at net.thucydides.core.steps.StepInterceptor.runTestStep(StepInterceptor.java:332)
	at net.thucydides.core.steps.StepInterceptor.testStepResult(StepInterceptor.java:134)
	at net.thucydides.core.steps.StepInterceptor.intercept(StepInterceptor.java:61)
	at bla.tm.steps.pantheon.UserAppsSteps$$EnhancerByCGLIB$$12fc2311.checkIsAppNotExists(<generated>)
	at bla.tm.definitions.site.pantheon.UserAppsDefinition.appIsRemovedFromTheListOfApps(UserAppsDefinition.java:84)
	(reflection-invoke)
	at org.jbehave.core.steps.StepCreator$ParametrisedStep.perform(StepCreator.java:733)
	at org.jbehave.core.embedder.PerformableTree$FineSoFar.run(PerformableTree.java:346)
...
]]></system-out>
  </testcase>
  <testcase name="UserApps.story" classname="UserApps.story" time="0.481">
    <failure message="story failed!" type="java.lang.AssertionError">java.lang.AssertionError: story failed!
</failure>
    <system-out><![CDATA[
]]></system-out>
    <system-err><![CDATA[[pool-1-thread-1] ERROR net.serenitybdd.core.Serenity - 
           __  _____ _____ ____ _____   _____ _    ___ _     _____ ____  
  _       / / |_   _| ____/ ___|_   _| |  ___/ \  |_ _| |   | ____|  _ \ 
 (_)_____| |    | | |  _| \___ \ | |   | |_ / _ \  | || |   |  _| | | | |
  _|_____| |    | | | |___ ___) || |   |  _/ ___ \ | || |___| |___| |_| |
 (_)     | |    |_| |_____|____/ |_|   |_|/_/   \_\___|_____|_____|____/ 
          \_\                                                            

TEST FAILED: (Pantheon|Delete App) Delete App positive [2.1.9 Delete application]
--------------------------------------------------------------------------
[pool-1-thread-1] ERROR net.serenitybdd.core.Serenity - TEST FAILED AT STEP Check is app not exists
[pool-1-thread-1] ERROR net.serenitybdd.core.Serenity - 
]]></system-err>
  </testcase>
  <testcase name="Then check general page elements for Pantheon User LogIn page" classname="bla.tm.definitions.site.pantheon.UserLogInDefinition" time="4.094"/>
  <testcase name="Then check general page elements for Pantheon User LogIn page" classname="bla.tm.definitions.site.pantheon.UserLogInDefinition" time="0.989"/>
  <testcase name="Then check general page elements for Pantheon User LogIn page" classname="bla.tm.definitions.site.pantheon.UserLogInDefinition" time="20.228"/>
  <testcase name="Scenario: |developer-acct.ticketmaster.com/user/login| Verification for general page&apos;s elements" classname="Scenario: |developer-acct.ticketmaster.com/user/login| Verification for general page&apos;s elements" time="20.254"/>
  <testcase name="When login to Pantheon with invaliduserName and 1234567" classname="bla.tm.definitions.site.pantheon.UserLogInDefinition" time="2.155"/>
  <testcase name="Then the message Sorry, unrecognized username or password. Have you forgotten your password? is displayed" classname="bla.tm.definitions.site.pantheon.UserAppsDefinition" time="1.22"/>
  <testcase name="Then the message Sorry, unrecognized username or password. Have you forgotten your password? is displayed" classname="bla.tm.definitions.site.pantheon.UserAppsDefinition" time="0.649"/>
  <testcase name="Then the message Sorry, unrecognized username or password. Have you forgotten your password? is displayed" classname="bla.tm.definitions.site.pantheon.UserAppsDefinition" time="0.36"/>
  <testcase name="Scenario: |developer-acct.ticketmaster.com/user/login| [2.2.3.2 Login - Username/Email field - enter invalid username]" classname="Scenario: |developer-acct.ticketmaster.com/user/login| [2.2.3.2 Login - Username/Email field - enter invalid username]" time="0.39"/>
  <testcase name="When login to Pantheon using OpenID invalidOpenID" classname="bla.tm.definitions.site.pantheon.UserLogInDefinition" time="2.191"/>
  <testcase name="Then the message Sorry, that is not a valid OpenID. Ensure you have spelled your ID correctly. is displayed" classname="bla.tm.definitions.site.pantheon.UserAppsDefinition" time="0.945"/>
  <testcase name="Then the message Sorry, that is not a valid OpenID. Ensure you have spelled your ID correctly. is displayed" classname="bla.tm.definitions.site.pantheon.UserAppsDefinition" time="0.754"/>
  <testcase name="Then the message Sorry, that is not a valid OpenID. Ensure you have spelled your ID correctly. is displayed" classname="bla.tm.definitions.site.pantheon.UserAppsDefinition" time="0.361"/>
  <testcase name="Scenario: |developer-acct.ticketmaster.com/user/login| [2.2.3.8 Login - OpenID field - invalid OpenID]" classname="Scenario: |developer-acct.ticketmaster.com/user/login| [2.2.3.8 Login - OpenID field - invalid OpenID]" time="0.381"/>
  <testcase name="UserLogIn.story" classname="UserLogIn.story" time="0.446"/>
  <testcase name="Given open Partners page" classname="bla.tm.definitions.site.partners.PartnersDefinition" time="5.419"/>
  <testcase name="Then check general page elements for Partners Page, where DISQUS = false and LeftMenu = false" classname="bla.tm.definitions.site.partners.PartnersDefinition" time="20.21"/>
  <testcase name="Scenario: |/partners/| Verification for general page&apos;s elements" classname="Scenario: |/partners/| Verification for general page&apos;s elements" time="20.241"/>
  <testcase name="Partners.story" classname="Partners.story" time="20.308"/>
  <testcase name="Given open Certified Partners page" classname="bla.tm.definitions.site.partners.Partners_CertifiedPartnersDefinition" time="2.185"/>
  <testcase name="Then check general page elements for Certified Partners Page, where DISQUS = false and LeftMenu = true" classname="bla.tm.definitions.site.partners.Partners_CertifiedPartnersDefinition" time="10.272"/>
  <testcase name="Scenario: |/partners/certified-partners/| Verification for general page&apos;s elements" classname="Scenario: |/partners/certified-partners/| Verification for general page&apos;s elements" time="10.298"/>
  <testcase name="Partners_CertifiedPartners.story" classname="Partners_CertifiedPartners.story" time="10.36"/>
  <testcase name="Given open Distribution Partners page" classname="bla.tm.definitions.site.partners.Partners_DistributionPartnersDefinition" time="3.481"/>
  <testcase name="Then check general page elements for Distribution Partners Page, where DISQUS = true and LeftMenu = true" classname="bla.tm.definitions.site.partners.Partners_DistributionPartnersDefinition" time="0.636"/>
  <testcase name="Scenario: |/partners/distribution-partners/| Verification for general page&apos;s elements" classname="Scenario: |/partners/distribution-partners/| Verification for general page&apos;s elements" time="0.662"/>
  <testcase name="Partners_DistributionPartners.story" classname="Partners_DistributionPartners.story" time="0.724"/>
  <testcase name="Given open Join The Nexus Program page" classname="bla.tm.definitions.site.partners.Partners_NexusDefinition" time="3.701"/>
  <testcase name="Then check general page elements for Join The Nexus Program Page, where DISQUS = true and LeftMenu = true" classname="bla.tm.definitions.site.partners.Partners_NexusDefinition" time="0.234"/>
  <testcase name="Scenario: |/partners/certified-partners/nexus/| Verification for general page&apos;s elements" classname="Scenario: |/partners/certified-partners/nexus/| Verification for general page&apos;s elements" time="0.28"/>
  <testcase name="Partners_Nexus.story" classname="Partners_Nexus.story" time="0.342"/>
  <testcase name="Given open Startups and Developers page" classname="bla.tm.definitions.site.partners.Partners_StartupsDevelopersDefinition" time="5.191"/>
  <testcase name="Then check general page elements for Startups and Developers Page, where DISQUS = true and LeftMenu = true" classname="bla.tm.definitions.site.partners.Partners_StartupsDevelopersDefinition" time="0.988"/>
  <testcase name="Scenario: |/partners/startups-and-developers/| Verification for general page&apos;s elements" classname="Scenario: |/partners/startups-and-developers/| Verification for general page&apos;s elements" time="1.018"/>
  <testcase name="Partners_StartupsDevelopers.story" classname="Partners_StartupsDevelopers.story" time="1.081"/>
  <testcase name="Given open Products and Docs page" classname="bla.tm.definitions.site.products_and_docs.PD_Definition" time="2.704"/>
  <testcase name="Then check general page elements for Products and Docs Page, where DISQUS = false and LeftMenu = false" classname="bla.tm.definitions.site.products_and_docs.PD_Definition" time="40.346"/>
  <testcase name="Scenario: |/support/| Verification for general page&apos;s elements" classname="Scenario: |/support/| Verification for general page&apos;s elements" time="40.378"/>
  <testcase name="PD.story" classname="PD.story" time="40.447"/>
  <testcase name="Given open API Explorer page" classname="bla.tm.definitions.site.products_and_docs.PD_APIExplorerDefinition" time="5.461"/>
  <testcase name="Then check general page elements for API Explorer Page, where DISQUS = true and LeftMenu = false" classname="bla.tm.definitions.site.products_and_docs.PD_APIExplorerDefinition" time="10.377"/>
  <testcase name="Scenario: |/api-explorer/| Verification for general page&apos;s elements" classname="Scenario: |/api-explorer/| Verification for general page&apos;s elements" time="10.403"/>
  <testcase name="PD_APIExplorer.story" classname="PD_APIExplorer.story" time="10.465"/>
  <testcase name="Given open API Explorer V2 page" classname="bla.tm.definitions.site.products_and_docs.PD_APIExplorerV2Definition" time="8.536"/>
  <testcase name="Then check general page elements for API Explorer V2 Page, where DISQUS = true and LeftMenu = false" classname="bla.tm.definitions.site.products_and_docs.PD_APIExplorerV2Definition" time="10.312"/>
  <testcase name="Scenario: |/api-explorer/v2| Verification for general page&apos;s elements" classname="Scenario: |/api-explorer/v2| Verification for general page&apos;s elements" time="10.336"/>
  <testcase name="Given open API Explorer V2 page​" classname="bla.tm.definitions.site.products_and_docs.PD_APIExplorerV2Definition" time="3.97"/>
  <testcase name="Then check &lt;tag&gt; is present in the source code page" classname="bla.tm.definitions.site.products_and_docs.PD_APIExplorerV2Definition" time="0.208"/>
  <testcase name="Given open API Explorer V2 page​​" classname="bla.tm.definitions.site.products_and_docs.PD_APIExplorerV2Definition" time="2.904"/>
  <testcase name="Then check &lt;tag&gt; is present in the source code page​" classname="bla.tm.definitions.site.products_and_docs.PD_APIExplorerV2Definition" time="0.124"/>
  <testcase name="Given open API Explorer V2 page​​​" classname="bla.tm.definitions.site.products_and_docs.PD_APIExplorerV2Definition" time="3.597"/>
  <testcase name="Then check &lt;tag&gt; is present in the source code page​​" classname="bla.tm.definitions.site.products_and_docs.PD_APIExplorerV2Definition" time="0.192"/>
  <testcase name="Given open API Explorer V2 page​​​​" classname="bla.tm.definitions.site.products_and_docs.PD_APIExplorerV2Definition" time="7.368"/>
  <testcase name="Then check &lt;tag&gt; is present in the source code page​​​" classname="bla.tm.definitions.site.products_and_docs.PD_APIExplorerV2Definition" time="0.045"/>
  <testcase name="Given open API Explorer V2 page​​​​​" classname="bla.tm.definitions.site.products_and_docs.PD_APIExplorerV2Definition" time="8.094"/>
  <testcase name="Then check &lt;tag&gt; is present in the source code page​​​​" classname="bla.tm.definitions.site.products_and_docs.PD_APIExplorerV2Definition" time="0.049"/>
  <testcase name="Given open API Explorer V2 page​​​​​​" classname="bla.tm.definitions.site.products_and_docs.PD_APIExplorerV2Definition" time="4.363"/>
  <testcase name="Then check &lt;tag&gt; is present in the source code page​​​​​" classname="bla.tm.definitions.site.products_and_docs.PD_APIExplorerV2Definition" time="0.052"/>
  <testcase name="Given open API Explorer V2 page​​​​​​​" classname="bla.tm.definitions.site.products_and_docs.PD_APIExplorerV2Definition" time="3.607"/>
  <testcase name="Then check &lt;tag&gt; is present in the source code page​​​​​​" classname="bla.tm.definitions.site.products_and_docs.PD_APIExplorerV2Definition" time="0.214"/>
  <testcase name="Scenario: |/api-explorer/v2| Open Graph support [1.1.51 Verify tags are present in source code]" classname="Scenario: |/api-explorer/v2| Open Graph support [1.1.51 Verify tags are present in source code]" time="0.376"/>
  <testcase name="Given open API Explorer V2 page​​​​​​​​" classname="bla.tm.definitions.site.products_and_docs.PD_APIExplorerV2Definition" time="4.369"/>
  <testcase name="When I choose &lt;apiGetMethod&gt; to send request" classname="bla.tm.definitions.site.products_and_docs.PD_APIExplorerV2Definition" time="0.338"/>
  <testcase name="And click GET button" classname="bla.tm.definitions.site.products_and_docs.PD_APIExplorerV2Definition" time="0.21"/>
  <testcase name="Then the parameters section is opened" classname="bla.tm.definitions.site.products_and_docs.PD_APIExplorerV2Definition" time="0.286"/>
  <testcase name="And error notification is shown on required fields" classname="bla.tm.definitions.site.products_and_docs.PD_APIExplorerV2Definition" time="0.025"/>
  <testcase name="Given open API Explorer V2 page​​​​​​​​​" classname="bla.tm.definitions.site.products_and_docs.PD_APIExplorerV2Definition" time="2.89"/>
  <testcase name="When I choose &lt;apiGetMethod&gt; to send request​" classname="bla.tm.definitions.site.products_and_docs.PD_APIExplorerV2Definition" time="0.516"/>
  <testcase name="And click GET button​" classname="bla.tm.definitions.site.products_and_docs.PD_APIExplorerV2Definition" time="0.245"/>
  <testcase name="Then the parameters section is opened​" classname="bla.tm.definitions.site.products_and_docs.PD_APIExplorerV2Definition" time="0.285"/>
  <testcase name="And error notification is shown on required fields​" classname="bla.tm.definitions.site.products_and_docs.PD_APIExplorerV2Definition" time="0.026"/>
  <testcase name="Given open API Explorer V2 page​​​​​​​​​​" classname="bla.tm.definitions.site.products_and_docs.PD_APIExplorerV2Definition" time="3.59"/>
  <testcase name="When I choose &lt;apiGetMethod&gt; to send request​​" classname="bla.tm.definitions.site.products_and_docs.PD_APIExplorerV2Definition" time="0.389"/>
  <testcase name="And click GET button​​" classname="bla.tm.definitions.site.products_and_docs.PD_APIExplorerV2Definition" time="0.293"/>
  <testcase name="Then the parameters section is opened​​" classname="bla.tm.definitions.site.products_and_docs.PD_APIExplorerV2Definition" time="0.284"/>
  <testcase name="And error notification is shown on required fields​​" classname="bla.tm.definitions.site.products_and_docs.PD_APIExplorerV2Definition" time="0.022"/>
  <testcase name="Given open API Explorer V2 page​​​​​​​​​​​" classname="bla.tm.definitions.site.products_and_docs.PD_APIExplorerV2Definition" time="6.185"/>
  <testcase name="When I choose &lt;apiGetMethod&gt; to send request​​​" classname="bla.tm.definitions.site.products_and_docs.PD_APIExplorerV2Definition" time="0.276"/>
  <testcase name="And click GET button​​​" classname="bla.tm.definitions.site.products_and_docs.PD_APIExplorerV2Definition" time="0.493"/>
  <testcase name="Then the parameters section is opened​​​" classname="bla.tm.definitions.site.products_and_docs.PD_APIExplorerV2Definition" time="0.28"/>
  <testcase name="And error notification is shown on required fields​​​" classname="bla.tm.definitions.site.products_and_docs.PD_APIExplorerV2Definition" time="0.029"/>
  <testcase name="Given open API Explorer V2 page​​​​​​​​​​​​" classname="bla.tm.definitions.site.products_and_docs.PD_APIExplorerV2Definition" time="6.048"/>
  <testcase name="When I choose &lt;apiGetMethod&gt; to send request​​​​" classname="bla.tm.definitions.site.products_and_docs.PD_APIExplorerV2Definition" time="0.357"/>
  <testcase name="And click GET button​​​​" classname="bla.tm.definitions.site.products_and_docs.PD_APIExplorerV2Definition" time="0.236"/>
  <testcase name="Then the parameters section is opened​​​​" classname="bla.tm.definitions.site.products_and_docs.PD_APIExplorerV2Definition" time="0.309"/>
  <testcase name="And error notification is shown on required fields​​​​" classname="bla.tm.definitions.site.products_and_docs.PD_APIExplorerV2Definition" time="0.032"/>
  <testcase name="Scenario: |/api-explorer/v2| [5.2.2 API Explorer V2 : The parameters section is opened]" classname="Scenario: |/api-explorer/v2| [5.2.2 API Explorer V2 : The parameters section is opened]" time="0.093"/>
  <testcase name="Given open API Explorer V2 page​​​​​​​​​​​​​" classname="bla.tm.definitions.site.products_and_docs.PD_APIExplorerV2Definition" time="4.386"/>
  <testcase name="When I choose &lt;apiGetMethod&gt; to send request​​​​​" classname="bla.tm.definitions.site.products_and_docs.PD_APIExplorerV2Definition" time="0.778"/>
  <testcase name="And click GET button​​​​​" classname="bla.tm.definitions.site.products_and_docs.PD_APIExplorerV2Definition" time="0.261"/>
  <testcase name="Then the request list contains url" classname="bla.tm.definitions.site.products_and_docs.PD_APIExplorerV2Definition" time="2.47"/>
  <testcase name="And the request list contains response block" classname="bla.tm.definitions.site.products_and_docs.PD_APIExplorerV2Definition" time="0.673"/>
  <testcase name="Given open API Explorer V2 page​​​​​​​​​​​​​​" classname="bla.tm.definitions.site.products_and_docs.PD_APIExplorerV2Definition" time="3.534"/>
  <testcase name="When I choose &lt;apiGetMethod&gt; to send request​​​​​​" classname="bla.tm.definitions.site.products_and_docs.PD_APIExplorerV2Definition" time="0.15"/>
  <testcase name="And click GET button​​​​​​" classname="bla.tm.definitions.site.products_and_docs.PD_APIExplorerV2Definition" time="0.29"/>
  <testcase name="Then the request list contains url​" classname="bla.tm.definitions.site.products_and_docs.PD_APIExplorerV2Definition" time="1.246"/>
  <testcase name="And the request list contains response block​" classname="bla.tm.definitions.site.products_and_docs.PD_APIExplorerV2Definition" time="0.125"/>
  <testcase name="Given open API Explorer V2 page​​​​​​​​​​​​​​​" classname="bla.tm.definitions.site.products_and_docs.PD_APIExplorerV2Definition" time="3.341"/>
  <testcase name="When I choose &lt;apiGetMethod&gt; to send request​​​​​​​" classname="bla.tm.definitions.site.products_and_docs.PD_APIExplorerV2Definition" time="0.597"/>
  <testcase name="And click GET button​​​​​​​" classname="bla.tm.definitions.site.products_and_docs.PD_APIExplorerV2Definition" time="0.194"/>
  <testcase name="Then the request list contains url​​" classname="bla.tm.definitions.site.products_and_docs.PD_APIExplorerV2Definition" time="4.082"/>
  <testcase name="And the request list contains response block​​" classname="bla.tm.definitions.site.products_and_docs.PD_APIExplorerV2Definition" time="0.404"/>
  <testcase name="Given open API Explorer V2 page​​​​​​​​​​​​​​​​" classname="bla.tm.definitions.site.products_and_docs.PD_APIExplorerV2Definition" time="8.778"/>
  <testcase name="When I choose &lt;apiGetMethod&gt; to send request​​​​​​​​" classname="bla.tm.definitions.site.products_and_docs.PD_APIExplorerV2Definition" time="0.463"/>
  <testcase name="And click GET button​​​​​​​​" classname="bla.tm.definitions.site.products_and_docs.PD_APIExplorerV2Definition" time="0.392"/>
  <testcase name="Then the request list contains url​​​" classname="bla.tm.definitions.site.products_and_docs.PD_APIExplorerV2Definition" time="1.538"/>
  <testcase name="And the request list contains response block​​​" classname="bla.tm.definitions.site.products_and_docs.PD_APIExplorerV2Definition" time="0.094"/>
  <testcase name="Scenario: |/api-explorer/v2| [5.2.3 API Explorer V2 : The request list contains url and block]" classname="Scenario: |/api-explorer/v2| [5.2.3 API Explorer V2 : The request list contains url and block]" time="0.156"/>
  <testcase name="PD_APIExplorer_V2.story" classname="PD_APIExplorer_V2.story" time="0.157"/>
  <testcase name="Given open ChangeLog page" classname="bla.tm.definitions.site.products_and_docs.PD_ChangeLogDefinition" time="4.007"/>
  <testcase name="Then check general page elements for ChangeLog Page, where DISQUS = true and LeftMenu = true" classname="bla.tm.definitions.site.products_and_docs.PD_ChangeLogDefinition" time="0.177"/>
  <testcase name="Scenario: |/products-and-docs/apis/changelog/| Verification for general page&apos;s elements" classname="Scenario: |/products-and-docs/apis/changelog/| Verification for general page&apos;s elements" time="0.199"/>
  <testcase name="PD_ChangeLog.story" classname="PD_ChangeLog.story" time="0.271"/>
  <testcase name="Given open Commerce API page" classname="bla.tm.definitions.site.products_and_docs.PD_ComerceAPIDefinition" time="4.407"/>
  <testcase name="Then check general page elements for Commerce API Page, where DISQUS = true and LeftMenu = true" classname="bla.tm.definitions.site.products_and_docs.PD_ComerceAPIDefinition" time="0.88"/>
  <testcase name="Scenario: |/products-and-docs/apis/commerce/| Verification for general page&apos;s elements" classname="Scenario: |/products-and-docs/apis/commerce/| Verification for general page&apos;s elements" time="0.902"/>
  <testcase name="PD_CommerceAPI.story" classname="PD_CommerceAPI.story" time="0.964"/>
  <testcase name="Given open Discovery API v1 page" classname="bla.tm.definitions.site.products_and_docs.PD_DiscoveryAPIv1Definition" time="3.668"/>
  <testcase name="Then check general page elements for Discovery API v1 Page, where DISQUS = true and LeftMenu = true" classname="bla.tm.definitions.site.products_and_docs.PD_DiscoveryAPIv1Definition" time="0.862"/>
  <testcase name="Scenario: |/products-and-docs/apis/discovery-api/v1/| Verification for general page&apos;s elements" classname="Scenario: |/products-and-docs/apis/discovery-api/v1/| Verification for general page&apos;s elements" time="0.893"/>
  <testcase name="PD_DiscoveryAPIV1.story" classname="PD_DiscoveryAPIV1.story" time="0.963"/>
  <testcase name="Given open Discovery API v2 page" classname="bla.tm.definitions.site.products_and_docs.PD_DiscoveryAPIv2Definition" time="4.997"/>
  <testcase name="Then check general page elements for Discovery API v2 Page, where DISQUS = true and LeftMenu = true" classname="bla.tm.definitions.site.products_and_docs.PD_DiscoveryAPIv2Definition" time="2.316"/>
  <testcase name="Scenario: |/products-and-docs/apis/discovery/v2/| Verification for general page&apos;s elements" classname="Scenario: |/products-and-docs/apis/discovery/v2/| Verification for general page&apos;s elements" time="2.394"/>
  <testcase name="PD_DiscoveryAPIV2.story" classname="PD_DiscoveryAPIV2.story" time="2.463"/>
  <testcase name="Given open Commerce API page​" classname="bla.tm.definitions.site.products_and_docs.PD_ComerceAPIDefinition" time="6.807"/>
  <testcase name="When Commerce API menu has list of methods" classname="bla.tm.definitions.site.products_and_docs.PD_ComerceAPIDefinition" time="147.717"/>
  <testcase name="And open Getting Started page" classname="bla.tm.definitions.site.products_and_docs.PD_GettingStartedDefinition" time="0.651"/>
  <testcase name="Then all the Commerce API methods are shown on Getting Started page" classname="bla.tm.definitions.site.products_and_docs.PD_GettingStartedDefinition" time="54.982"/>
  <testcase name="Scenario: |/products-and-docs/apis/getting-started/| TKMDPA-874 Commerce API links in Available Resources table" classname="Scenario: |/products-and-docs/apis/getting-started/| TKMDPA-874 Commerce API links in Available Resources table" time="56.06"/>
  <testcase name="Given open Getting Started page" classname="bla.tm.definitions.site.products_and_docs.PD_GettingStartedDefinition" time="1.774"/>
  <testcase name="Then check general page elements for Getting Started Page, where DISQUS = true and LeftMenu = true" classname="bla.tm.definitions.site.products_and_docs.PD_GettingStartedDefinition" time="1.389"/>
  <testcase name="Scenario: |/products-and-docs/apis/getting-started/| Verification for general page&apos;s elements" classname="Scenario: |/products-and-docs/apis/getting-started/| Verification for general page&apos;s elements" time="1.416"/>
  <testcase name="PD_GettingStarted.story" classname="PD_GettingStarted.story" time="1.479"/>
  <testcase name="Given open International Discovery API page" classname="bla.tm.definitions.site.products_and_docs.PD_InternationalDiscoveryAPIDefinition" time="4.186"/>
  <testcase name="Then check general page elements for International Discovery API Page, where DISQUS = true and LeftMenu = true" classname="bla.tm.definitions.site.products_and_docs.PD_InternationalDiscoveryAPIDefinition" time="1.6"/>
  <testcase name="Scenario: |/products-and-docs/apis/international-discovery/| Verification for general page&apos;s elements" classname="Scenario: |/products-and-docs/apis/international-discovery/| Verification for general page&apos;s elements" time="1.706"/>
  <testcase name="PD_InternationalDiscoveryAPI.story" classname="PD_InternationalDiscoveryAPI.story" time="1.782"/>
  <testcase name="Given open Inventory Status API page" classname="bla.tm.definitions.site.products_and_docs.PD_InventoryStatusAPIDefinition" time="4.362"/>
  <testcase name="Then check general page elements for Inventory Status API Page, where DISQUS = true and LeftMenu = true" classname="bla.tm.definitions.site.products_and_docs.PD_InventoryStatusAPIDefinition" time="0.361"/>
  <testcase name="Scenario: |/products-and-docs/apis/inventory-status/| Verification for general page&apos;s elements" classname="Scenario: |/products-and-docs/apis/inventory-status/| Verification for general page&apos;s elements" time="0.407"/>
  <testcase name="PD_InventoryStatusAPI.story" classname="PD_InventoryStatusAPI.story" time="0.472"/>
  <testcase name="Given open Oauth API page" classname="bla.tm.definitions.site.products_and_docs.PD_OauthAPIDefinition" time="3.467"/>
  <testcase name="Then check general page elements for Oauth API Page, where DISQUS = true and LeftMenu = true" classname="bla.tm.definitions.site.products_and_docs.PD_OauthAPIDefinition" time="0.37"/>
  <testcase name="Scenario: |/products-and-docs/apis/oauth/| Verification for general page&apos;s elements" classname="Scenario: |/products-and-docs/apis/oauth/| Verification for general page&apos;s elements" time="0.392"/>
  <testcase name="PD_OauthAPI.story" classname="PD_OauthAPI.story" time="0.485"/>
  <testcase name="Given open Partner API page" classname="bla.tm.definitions.site.products_and_docs.PD_PartnerAPIDefinition" time="5.164"/>
  <testcase name="Then check general page elements for Partner API Page, where DISQUS = true and LeftMenu = true" classname="bla.tm.definitions.site.products_and_docs.PD_PartnerAPIDefinition" time="0.474"/>
  <testcase name="Scenario: |/products-and-docs/apis/partner/| Verification for general page&apos;s elements" classname="Scenario: |/products-and-docs/apis/partner/| Verification for general page&apos;s elements" time="0.502"/>
  <testcase name="PD_PartnerAPI.story" classname="PD_PartnerAPI.story" time="0.565"/>
  <testcase name="Given open Publish API page" classname="bla.tm.definitions.site.products_and_docs.PD_PublishAPIDefinition" time="2.534"/>
  <testcase name="Then check general page elements for Publish API Page, where DISQUS = true and LeftMenu = true" classname="bla.tm.definitions.site.products_and_docs.PD_PublishAPIDefinition" time="0.744"/>
  <testcase name="Scenario: |/products-and-docs/apis/publish/| Verification for general page&apos;s elements" classname="Scenario: |/products-and-docs/apis/publish/| Verification for general page&apos;s elements" time="0.848"/>
  <testcase name="PD_PublishAPI.story" classname="PD_PublishAPI.story" time="0.91"/>
  <testcase name="Given open SDKs page" classname="bla.tm.definitions.site.products_and_docs.PD_SDKsDefinition" time="2.937"/>
  <testcase name="Then check general page elements for SDKs Page, where DISQUS = true and LeftMenu = true" classname="bla.tm.definitions.site.products_and_docs.PD_SDKsDefinition" time="0.498"/>
  <testcase name="Scenario: |/products-and-docs/sdks/| Verification for general page&apos;s elements" classname="Scenario: |/products-and-docs/sdks/| Verification for general page&apos;s elements" time="0.556"/>
  <testcase name="Given open SDKs page​" classname="bla.tm.definitions.site.products_and_docs.PD_SDKsDefinition" time="2.19"/>
  <testcase name="When check visibility and click &lt;elementKey&gt; element of SDKs page" classname="bla.tm.definitions.site.products_and_docs.PD_SDKsDefinition" time="1.628"/>
  <testcase name="Then check that new page opened from SDKs page has &lt;pageURL&gt; and &lt;pageTitle&gt;" classname="bla.tm.definitions.site.products_and_docs.PD_SDKsDefinition" time="1.047"/>
  <testcase name="Given open SDKs page​​" classname="bla.tm.definitions.site.products_and_docs.PD_SDKsDefinition" time="1.911"/>
  <testcase name="When check visibility and click &lt;elementKey&gt; element of SDKs page​" classname="bla.tm.definitions.site.products_and_docs.PD_SDKsDefinition" time="1.617"/>
  <testcase name="Then check that new page opened from SDKs page has &lt;pageURL&gt; and &lt;pageTitle&gt;​" classname="bla.tm.definitions.site.products_and_docs.PD_SDKsDefinition" time="1.079"/>
  <testcase name="Given open SDKs page​​​" classname="bla.tm.definitions.site.products_and_docs.PD_SDKsDefinition" time="3.165"/>
  <testcase name="When check visibility and click &lt;elementKey&gt; element of SDKs page​​" classname="bla.tm.definitions.site.products_and_docs.PD_SDKsDefinition" time="1.197"/>
  <testcase name="Then check that new page opened from SDKs page has &lt;pageURL&gt; and &lt;pageTitle&gt;​​" classname="bla.tm.definitions.site.products_and_docs.PD_SDKsDefinition" time="1.083"/>
  <testcase name="Scenario: |products-and-docs/sdks/| Verification for all the page&apos;s links" classname="Scenario: |products-and-docs/sdks/| Verification for all the page&apos;s links" time="1.145"/>
  <testcase name="PD_SDKs.story" classname="PD_SDKs.story" time="1.147"/>
  <testcase name="Given open Season Ticketing API page" classname="bla.tm.definitions.site.products_and_docs.PD_SeasonTicketingAPIDefinition" time="4.465"/>
  <testcase name="Then check general page elements for Season Ticketing API Page, where DISQUS = true and LeftMenu = true" classname="bla.tm.definitions.site.products_and_docs.PD_SeasonTicketingAPIDefinition" time="0.339"/>
  <testcase name="Scenario: |/api-explorer/| Verification for general page&apos;s elements​" classname="Scenario: |/api-explorer/| Verification for general page&apos;s elements​" time="0.357"/>
  <testcase name="PD_SeasonTicketingAPI.story" classname="PD_SeasonTicketingAPI.story" time="0.419"/>
  <testcase name="Given open Top Picks API page" classname="bla.tm.definitions.site.products_and_docs.PD_TopPicksAPIDefinition" time="3.711"/>
  <testcase name="Then check general page elements for Top Picks API Page, where DISQUS = true and LeftMenu = true" classname="bla.tm.definitions.site.products_and_docs.PD_TopPicksAPIDefinition" time="0.203"/>
  <testcase name="Scenario: |/api-explorer/| Verification for general page&apos;s elements​​" classname="Scenario: |/api-explorer/| Verification for general page&apos;s elements​​" time="0.226"/>
  <testcase name="PD_TopPicksAPI.story" classname="PD_TopPicksAPI.story" time="0.29"/>
  <testcase name="Given open Tutorials page" classname="bla.tm.definitions.site.products_and_docs.PD_TutorialsDefinition" time="3.271"/>
  <testcase name="Then check general page elements for Tutorials Page, where DISQUS = false and LeftMenu = true" classname="bla.tm.definitions.site.products_and_docs.PD_TutorialsDefinition" time="10.246"/>
  <testcase name="Scenario: |/products-and-docs/tutorials/| Verification for general page&apos;s elements" classname="Scenario: |/products-and-docs/tutorials/| Verification for general page&apos;s elements" time="10.286"/>
  <testcase name="Given open Tutorials page​" classname="bla.tm.definitions.site.products_and_docs.PD_TutorialsDefinition" time="4.27"/>
  <testcase name="When check visibility and click &lt;elementKey&gt; element of Tutorials page" classname="bla.tm.definitions.site.products_and_docs.PD_TutorialsDefinition" time="1.33"/>
  <testcase name="Then check that new page opened from Tutorials page has &lt;pageURL&gt; and &lt;pageTitle&gt;" classname="bla.tm.definitions.site.products_and_docs.PD_TutorialsDefinition" time="0.053"/>
  <testcase name="Given open Tutorials page​​" classname="bla.tm.definitions.site.products_and_docs.PD_TutorialsDefinition" time="2.132"/>
  <testcase name="When check visibility and click &lt;elementKey&gt; element of Tutorials page​" classname="bla.tm.definitions.site.products_and_docs.PD_TutorialsDefinition" time="1.56"/>
  <testcase name="Then check that new page opened from Tutorials page has &lt;pageURL&gt; and &lt;pageTitle&gt;​" classname="bla.tm.definitions.site.products_and_docs.PD_TutorialsDefinition" time="0.027"/>
  <testcase name="Given open Tutorials page​​​" classname="bla.tm.definitions.site.products_and_docs.PD_TutorialsDefinition" time="2.317"/>
  <testcase name="When check visibility and click &lt;elementKey&gt; element of Tutorials page​​" classname="bla.tm.definitions.site.products_and_docs.PD_TutorialsDefinition" time="1.698"/>
  <testcase name="Then check that new page opened from Tutorials page has &lt;pageURL&gt; and &lt;pageTitle&gt;​​" classname="bla.tm.definitions.site.products_and_docs.PD_TutorialsDefinition" time="0.059"/>
  <testcase name="Given open Tutorials page​​​​" classname="bla.tm.definitions.site.products_and_docs.PD_TutorialsDefinition" time="2.151"/>
  <testcase name="When check visibility and click &lt;elementKey&gt; element of Tutorials page​​​" classname="bla.tm.definitions.site.products_and_docs.PD_TutorialsDefinition" time="3.095"/>
  <testcase name="Then check that new page opened from Tutorials page has &lt;pageURL&gt; and &lt;pageTitle&gt;​​​" classname="bla.tm.definitions.site.products_and_docs.PD_TutorialsDefinition" time="0.041"/>
  <testcase name="Given open Tutorials page​​​​​" classname="bla.tm.definitions.site.products_and_docs.PD_TutorialsDefinition" time="3.133"/>
  <testcase name="When check visibility and click &lt;elementKey&gt; element of Tutorials page​​​​" classname="bla.tm.definitions.site.products_and_docs.PD_TutorialsDefinition" time="0.739"/>
  <testcase name="Then check that new page opened from Tutorials page has &lt;pageURL&gt; and &lt;pageTitle&gt;​​​​" classname="bla.tm.definitions.site.products_and_docs.PD_TutorialsDefinition" time="2.585"/>
  <testcase name="Given open Tutorials page​​​​​​" classname="bla.tm.definitions.site.products_and_docs.PD_TutorialsDefinition" time="3.017"/>
  <testcase name="When check visibility and click &lt;elementKey&gt; element of Tutorials page​​​​​" classname="bla.tm.definitions.site.products_and_docs.PD_TutorialsDefinition" time="0.716"/>
  <testcase name="Then check that new page opened from Tutorials page has &lt;pageURL&gt; and &lt;pageTitle&gt;​​​​​" classname="bla.tm.definitions.site.products_and_docs.PD_TutorialsDefinition" time="2.903"/>
  <testcase name="Given open Tutorials page​​​​​​​" classname="bla.tm.definitions.site.products_and_docs.PD_TutorialsDefinition" time="2.544"/>
  <testcase name="When check visibility and click &lt;elementKey&gt; element of Tutorials page​​​​​​" classname="bla.tm.definitions.site.products_and_docs.PD_TutorialsDefinition" time="2.271"/>
  <testcase name="Then check that new page opened from Tutorials page has &lt;pageURL&gt; and &lt;pageTitle&gt;​​​​​​" classname="bla.tm.definitions.site.products_and_docs.PD_TutorialsDefinition" time="0.325"/>
  <testcase name="Given open Tutorials page​​​​​​​​" classname="bla.tm.definitions.site.products_and_docs.PD_TutorialsDefinition" time="1.723"/>
  <testcase name="When check visibility and click &lt;elementKey&gt; element of Tutorials page​​​​​​​" classname="bla.tm.definitions.site.products_and_docs.PD_TutorialsDefinition" time="1.484"/>
  <testcase name="Then check that new page opened from Tutorials page has &lt;pageURL&gt; and &lt;pageTitle&gt;​​​​​​​" classname="bla.tm.definitions.site.products_and_docs.PD_TutorialsDefinition" time="0.041"/>
  <testcase name="Given open Tutorials page​​​​​​​​​" classname="bla.tm.definitions.site.products_and_docs.PD_TutorialsDefinition" time="1.755"/>
  <testcase name="When check visibility and click &lt;elementKey&gt; element of Tutorials page​​​​​​​​" classname="bla.tm.definitions.site.products_and_docs.PD_TutorialsDefinition" time="3.21"/>
  <testcase name="Then check that new page opened from Tutorials page has &lt;pageURL&gt; and &lt;pageTitle&gt;​​​​​​​​" classname="bla.tm.definitions.site.products_and_docs.PD_TutorialsDefinition" time="0.223"/>
  <testcase name="Scenario: |/products-and-docs/tutorials/| Verification for all the page&apos;s links" classname="Scenario: |/products-and-docs/tutorials/| Verification for all the page&apos;s links" time="0.326"/>
  <testcase name="PD_Tutorials.story" classname="PD_Tutorials.story" time="0.327"/>
  <testcase name="Given open Tutorials EventSearch page" classname="bla.tm.definitions.site.products_and_docs.PD_Tutorials_EventSearchDefinition" time="1.784"/>
  <testcase name="Then check general page elements for Tutorials EventSearch Page, where DISQUS = false and LeftMenu = true" classname="bla.tm.definitions.site.products_and_docs.PD_Tutorials_EventSearchDefinition" time="10.195"/>
  <testcase name="Scenario: |/products-and-docs/tutorials/events-search/| Verification for general page&apos;s elements" classname="Scenario: |/products-and-docs/tutorials/events-search/| Verification for general page&apos;s elements" time="10.221"/>
  <testcase name="Given open Tutorials EventSearch page​" classname="bla.tm.definitions.site.products_and_docs.PD_Tutorials_EventSearchDefinition" time="2.616"/>
  <testcase name="When check visibility and click &lt;elementKey&gt; element of Tutorials EventSearch page" classname="bla.tm.definitions.site.products_and_docs.PD_Tutorials_EventSearchDefinition" time="3.834"/>
  <testcase name="Then check that new page opened from Tutorials EventSearch page has &lt;pageURL&gt; and &lt;pageTitle&gt;" classname="bla.tm.definitions.site.products_and_docs.PD_Tutorials_EventSearchDefinition" time="0.038"/>
  <testcase name="Given open Tutorials EventSearch page​​" classname="bla.tm.definitions.site.products_and_docs.PD_Tutorials_EventSearchDefinition" time="3.982"/>
  <testcase name="When check visibility and click &lt;elementKey&gt; element of Tutorials EventSearch page​" classname="bla.tm.definitions.site.products_and_docs.PD_Tutorials_EventSearchDefinition" time="2.16"/>
  <testcase name="Then check that new page opened from Tutorials EventSearch page has &lt;pageURL&gt; and &lt;pageTitle&gt;​" classname="bla.tm.definitions.site.products_and_docs.PD_Tutorials_EventSearchDefinition" time="0.067"/>
  <testcase name="Given open Tutorials EventSearch page​​​" classname="bla.tm.definitions.site.products_and_docs.PD_Tutorials_EventSearchDefinition" time="2.507"/>
  <testcase name="When check visibility and click &lt;elementKey&gt; element of Tutorials EventSearch page​​" classname="bla.tm.definitions.site.products_and_docs.PD_Tutorials_EventSearchDefinition" time="1.425"/>
  <testcase name="Then check that new page opened from Tutorials EventSearch page has &lt;pageURL&gt; and &lt;pageTitle&gt;​​" classname="bla.tm.definitions.site.products_and_docs.PD_Tutorials_EventSearchDefinition" time="0.033"/>
  <testcase name="Given open Tutorials EventSearch page​​​​" classname="bla.tm.definitions.site.products_and_docs.PD_Tutorials_EventSearchDefinition" time="1.694"/>
  <testcase name="When check visibility and click &lt;elementKey&gt; element of Tutorials EventSearch page​​​" classname="bla.tm.definitions.site.products_and_docs.PD_Tutorials_EventSearchDefinition" time="1.453"/>
  <testcase name="Then check that new page opened from Tutorials EventSearch page has &lt;pageURL&gt; and &lt;pageTitle&gt;​​​" classname="bla.tm.definitions.site.products_and_docs.PD_Tutorials_EventSearchDefinition" time="0.04"/>
  <testcase name="Given open Tutorials EventSearch page​​​​​" classname="bla.tm.definitions.site.products_and_docs.PD_Tutorials_EventSearchDefinition" time="3.446"/>
  <testcase name="When check visibility and click &lt;elementKey&gt; element of Tutorials EventSearch page​​​​" classname="bla.tm.definitions.site.products_and_docs.PD_Tutorials_EventSearchDefinition" time="1.726"/>
  <testcase name="Then check that new page opened from Tutorials EventSearch page has &lt;pageURL&gt; and &lt;pageTitle&gt;​​​​" classname="bla.tm.definitions.site.products_and_docs.PD_Tutorials_EventSearchDefinition" time="0.285"/>
  <testcase name="Given open Tutorials EventSearch page​​​​​​" classname="bla.tm.definitions.site.products_and_docs.PD_Tutorials_EventSearchDefinition" time="1.798"/>
  <testcase name="When check visibility and click &lt;elementKey&gt; element of Tutorials EventSearch page​​​​​" classname="bla.tm.definitions.site.products_and_docs.PD_Tutorials_EventSearchDefinition" time="1.664"/>
  <testcase name="Then check that new page opened from Tutorials EventSearch page has &lt;pageURL&gt; and &lt;pageTitle&gt;​​​​​" classname="bla.tm.definitions.site.products_and_docs.PD_Tutorials_EventSearchDefinition" time="0.415"/>
  <testcase name="Scenario: |/products-and-docs/tutorials/events-search/| Verification for all the page&apos;s links" classname="Scenario: |/products-and-docs/tutorials/events-search/| Verification for all the page&apos;s links" time="0.479"/>
  <testcase name="PD_Tutorials_EventSearch.story" classname="PD_Tutorials_EventSearch.story" time="0.481"/>
  <testcase name="Given open Tutorials EventSearch SearchEventInSomeLocation page" classname="bla.tm.definitions.site.products_and_docs.PD_Tutorials_EventSearch_SearchEventInSomeLocationDefinition" time="2.572"/>
  <testcase name="Then check general page elements for Tutorials EventSearch SearchEventInSomeLocation Page, where DISQUS = true and LeftMenu = true" classname="bla.tm.definitions.site.products_and_docs.PD_Tutorials_EventSearch_SearchEventInSomeLocationDefinition" time="0.618"/>
  <testcase name="Scenario: |/products-and-docs/tutorials/events-search/search_events_in_location_html| Verification for general page&apos;s elements" classname="Scenario: |/products-and-docs/tutorials/events-search/search_events_in_location_html| Verification for general page&apos;s elements" time="0.641"/>
  <testcase name="PD_Tutorials_EventSearch_SearchEventInSomeLocation.story" classname="PD_Tutorials_EventSearch_SearchEventInSomeLocation.story" time="0.707"/>
  <testcase name="Given open Tutorials EventSearch SearchEventWithDiscoveryAPI page" classname="bla.tm.definitions.site.products_and_docs.PD_Tutorials_EventSearch_SearchEventWithDiscoveryAPIDefinition" time="4.439"/>
  <testcase name="Then check general page elements for Tutorials EventSearch SearchEventWithDiscoveryAPI Page, where DISQUS = true and LeftMenu = true" classname="bla.tm.definitions.site.products_and_docs.PD_Tutorials_EventSearch_SearchEventWithDiscoveryAPIDefinition" time="0.267"/>
  <testcase name="Scenario: |/products-and-docs/tutorials/events-search/search_events_with_discovery_api_html| Verification for general page&apos;s elements" classname="Scenario: |/products-and-docs/tutorials/events-search/search_events_with_discovery_api_html| Verification for general page&apos;s elements" time="0.286"/>
  <testcase name="PD_Tutorials_EventSearch_SearchEventWithDiscoveryAPI.story" classname="PD_Tutorials_EventSearch_SearchEventWithDiscoveryAPI.story" time="0.349"/>
  <testcase name="Given open Tutorials Widgets page" classname="bla.tm.definitions.site.products_and_docs.PD_Tutorials_WidgetsDefinition" time="3.227"/>
  <testcase name="Then check general page elements for Tutorials Widgets Page, where DISQUS = false and LeftMenu = true" classname="bla.tm.definitions.site.products_and_docs.PD_Tutorials_WidgetsDefinition" time="10.175"/>
  <testcase name="Scenario: |/products-and-docs/tutorials/widgets/| Verification for general page&apos;s elements" classname="Scenario: |/products-and-docs/tutorials/widgets/| Verification for general page&apos;s elements" time="10.199"/>
  <testcase name="Given open Tutorials Widgets page​" classname="bla.tm.definitions.site.products_and_docs.PD_Tutorials_WidgetsDefinition" time="1.732"/>
  <testcase name="When check visibility and click &lt;elementKey&gt; element of Tutorials Widgets page" classname="bla.tm.definitions.site.products_and_docs.PD_Tutorials_WidgetsDefinition" time="0.928"/>
  <testcase name="Then check that new page opened from Tutorials Widgets page has &lt;pageURL&gt; and &lt;pageTitle&gt;" classname="bla.tm.definitions.site.products_and_docs.PD_Tutorials_WidgetsDefinition" time="0.419"/>
  <testcase name="Given open Tutorials Widgets page​​" classname="bla.tm.definitions.site.products_and_docs.PD_Tutorials_WidgetsDefinition" time="4.546"/>
  <testcase name="When check visibility and click &lt;elementKey&gt; element of Tutorials Widgets page​" classname="bla.tm.definitions.site.products_and_docs.PD_Tutorials_WidgetsDefinition" time="1.069"/>
  <testcase name="Then check that new page opened from Tutorials Widgets page has &lt;pageURL&gt; and &lt;pageTitle&gt;​" classname="bla.tm.definitions.site.products_and_docs.PD_Tutorials_WidgetsDefinition" time="0.383"/>
  <testcase name="Given open Tutorials Widgets page​​​" classname="bla.tm.definitions.site.products_and_docs.PD_Tutorials_WidgetsDefinition" time="1.977"/>
  <testcase name="When check visibility and click &lt;elementKey&gt; element of Tutorials Widgets page​​" classname="bla.tm.definitions.site.products_and_docs.PD_Tutorials_WidgetsDefinition" time="1.263"/>
  <testcase name="Then check that new page opened from Tutorials Widgets page has &lt;pageURL&gt; and &lt;pageTitle&gt;​​" classname="bla.tm.definitions.site.products_and_docs.PD_Tutorials_WidgetsDefinition" time="0.147"/>
  <testcase name="Scenario: |/products-and-docs/tutorials/widgets/| Verification for all the page&apos;s links" classname="Scenario: |/products-and-docs/tutorials/widgets/| Verification for all the page&apos;s links" time="0.21"/>
  <testcase name="PD_Tutorials_Widgets.story" classname="PD_Tutorials_Widgets.story" time="0.211"/>
  <testcase name="Given open Tutorials Widgets EventDiscoveryWidget page" classname="bla.tm.definitions.site.products_and_docs.PD_Tutorials_Widgets_EventDiscoveryWidgetDefinition" time="2.459"/>
  <testcase name="Then check general page elements for Tutorials Widgets EventDiscoveryWidget Page, where DISQUS = true and LeftMenu = true" classname="bla.tm.definitions.site.products_and_docs.PD_Tutorials_Widgets_EventDiscoveryWidgetDefinition" time="0.336"/>
  <testcase name="Scenario: |/products-and-docs/tutorials/widgets/Event_Discovery_Widget_html| Verification for general page&apos;s elements" classname="Scenario: |/products-and-docs/tutorials/widgets/Event_Discovery_Widget_html| Verification for general page&apos;s elements" time="0.404"/>
  <testcase name="PD_Tutorials_Widgets_EventDiscoveryWidget.story" classname="PD_Tutorials_Widgets_EventDiscoveryWidget.story" time="0.475"/>
  <testcase name="Given open Calendar Widget page" classname="bla.tm.definitions.site.products_and_docs.PD_Widget_CalendarDefinition" time="3.258"/>
  <testcase name="Then check general page elements for Calendar Widget Page, where DISQUS = true and LeftMenu = true" classname="bla.tm.definitions.site.products_and_docs.PD_Widget_CalendarDefinition" time="0.547"/>
  <testcase name="Scenario: |/products-and-docs/widgets/calendar/| [3.2.1.9 Disqus is present on calendar widget]" classname="Scenario: |/products-and-docs/widgets/calendar/| [3.2.1.9 Disqus is present on calendar widget]" time="0.569"/>
  <testcase name="PD_Widget_Calendar.story" classname="PD_Widget_Calendar.story" time="0.639"/>
  <testcase name="Given open Countdown Widget page" classname="bla.tm.definitions.site.products_and_docs.PD_Widget_CountdownDefinition" time="2.959"/>
  <testcase name="Then check general page elements for Countdown Widget Page, where DISQUS = true and LeftMenu = true" classname="bla.tm.definitions.site.products_and_docs.PD_Widget_CountdownDefinition" time="0.397"/>
  <testcase name="Scenario: |/products-and-docs/widgets/countdown/| Verification for general page&apos;s elements" classname="Scenario: |/products-and-docs/widgets/countdown/| Verification for general page&apos;s elements" time="0.45"/>
  <testcase name="PD_Widget_Countdown.story" classname="PD_Widget_Countdown.story" time="0.513"/>
  <testcase name="Given open Event Discovery Widget page" classname="bla.tm.definitions.site.products_and_docs.PD_Widget_EventDiscoveryDefinition" time="5.604"/>
  <testcase name="Then check general page elements for Event Discovery Widget Page, where DISQUS = true and LeftMenu = true" classname="bla.tm.definitions.site.products_and_docs.PD_Widget_EventDiscoveryDefinition" time="0.571"/>
  <testcase name="Scenario: |/products-and-docs/widgets/event-discovery/| Verification for general page&apos;s elements" classname="Scenario: |/products-and-docs/widgets/event-discovery/| Verification for general page&apos;s elements" time="0.596"/>
  <testcase name="PD_Widget_EventDiscovery.story" classname="PD_Widget_EventDiscovery.story" time="0.661"/>
  <testcase name="Given open Universal Checkout page" classname="bla.tm.definitions.site.products_and_docs.PD_Widget_UniversalCheckoutDefinition" time="4.323"/>
  <testcase name="Then check general page elements for Universal Checkout Page, where DISQUS = true and LeftMenu = true" classname="bla.tm.definitions.site.products_and_docs.PD_Widget_UniversalCheckoutDefinition" time="0.632"/>
  <testcase name="Scenario: |/products-and-docs/widgets/checkout/| [3.1.3 Widget checkout : Verification for general page&apos;s elements]" classname="Scenario: |/products-and-docs/widgets/checkout/| [3.1.3 Widget checkout : Verification for general page&apos;s elements]" time="0.657"/>
  <testcase name="PD_Widget_UniversalCheckout.story" classname="PD_Widget_UniversalCheckout.story" time="0.719"/>
  <testcase name="Given open WordPress Widget page" classname="bla.tm.definitions.site.products_and_docs.PD_Widget_WordPressDefinition" time="2.901"/>
  <testcase name="Then check general page elements for WordPress Widget Page, where DISQUS = true and LeftMenu = true" classname="bla.tm.definitions.site.products_and_docs.PD_Widget_WordPressDefinition" time="0.573"/>
  <testcase name="Scenario: |/products-and-docs/widgets/wordpress/| [3.1.4 Wordpress widget : Verification for general page&apos;s elements]" classname="Scenario: |/products-and-docs/widgets/wordpress/| [3.1.4 Wordpress widget : Verification for general page&apos;s elements]" time="0.597"/>
  <testcase name="PD_Widget_WordPress.story" classname="PD_Widget_WordPress.story" time="0.721"/>
  <testcase name="Given open Widgets page" classname="bla.tm.definitions.site.products_and_docs.PD_WidgetsDefinition" time="1.751"/>
  <testcase name="Then check general page elements for Widgets Page, where DISQUS = false and LeftMenu = true" classname="bla.tm.definitions.site.products_and_docs.PD_WidgetsDefinition" time="10.19"/>
  <testcase name="Scenario: |/products-and-docs/widgets/| Verification for general page&apos;s elements" classname="Scenario: |/products-and-docs/widgets/| Verification for general page&apos;s elements" time="10.217"/>
  <testcase name="Given open Widgets page​" classname="bla.tm.definitions.site.products_and_docs.PD_WidgetsDefinition" time="1.726"/>
  <testcase name="When check visibility and click DirectPaymentButton element of Widgets page" classname="bla.tm.definitions.site.products_and_docs.PD_WidgetsDefinition" time="0.829"/>
  <testcase name="Then check that new page opened from Direct Payment Button has has appropriate url" classname="bla.tm.definitions.site.products_and_docs.PD_WidgetsDefinition" time="1.111"/>
  <testcase name="Scenario: |/products-and-docs/widgets/| Verification for Direct Payment Button element" classname="Scenario: |/products-and-docs/widgets/| Verification for Direct Payment Button element" time="1.133"/>
  <testcase name="Given open Widgets page​​" classname="bla.tm.definitions.site.products_and_docs.PD_WidgetsDefinition" time="4.439"/>
  <testcase name="When check visibility and click &lt;elementKey&gt; element of Widgets page" classname="bla.tm.definitions.site.products_and_docs.PD_WidgetsDefinition" time="2.571"/>
  <testcase name="Then check that new page opened from Widgets page has &lt;pageURL&gt; and &lt;pageTitle&gt;" classname="bla.tm.definitions.site.products_and_docs.PD_WidgetsDefinition" time="0.223"/>
  <testcase name="Given open Widgets page​​​" classname="bla.tm.definitions.site.products_and_docs.PD_WidgetsDefinition" time="4.45"/>
  <testcase name="When check visibility and click &lt;elementKey&gt; element of Widgets page​" classname="bla.tm.definitions.site.products_and_docs.PD_WidgetsDefinition" time="3.88"/>
  <testcase name="Then check that new page opened from Widgets page has &lt;pageURL&gt; and &lt;pageTitle&gt;​" classname="bla.tm.definitions.site.products_and_docs.PD_WidgetsDefinition" time="1.793"/>
  <testcase name="Given open Widgets page​​​​" classname="bla.tm.definitions.site.products_and_docs.PD_WidgetsDefinition" time="4.073"/>
  <testcase name="When check visibility and click &lt;elementKey&gt; element of Widgets page​​" classname="bla.tm.definitions.site.products_and_docs.PD_WidgetsDefinition" time="1.44"/>
  <testcase name="Then check that new page opened from Widgets page has &lt;pageURL&gt; and &lt;pageTitle&gt;​​" classname="bla.tm.definitions.site.products_and_docs.PD_WidgetsDefinition" time="0.03"/>
  <testcase name="Given open Widgets page​​​​​" classname="bla.tm.definitions.site.products_and_docs.PD_WidgetsDefinition" time="3.498"/>
  <testcase name="When check visibility and click &lt;elementKey&gt; element of Widgets page​​​" classname="bla.tm.definitions.site.products_and_docs.PD_WidgetsDefinition" time="1.865"/>
  <testcase name="Then check that new page opened from Widgets page has &lt;pageURL&gt; and &lt;pageTitle&gt;​​​" classname="bla.tm.definitions.site.products_and_docs.PD_WidgetsDefinition" time="0.748"/>
  <testcase name="Given open Widgets page​​​​​​" classname="bla.tm.definitions.site.products_and_docs.PD_WidgetsDefinition" time="1.86"/>
  <testcase name="When check visibility and click &lt;elementKey&gt; element of Widgets page​​​​" classname="bla.tm.definitions.site.products_and_docs.PD_WidgetsDefinition" time="1.457"/>
  <testcase name="Then check that new page opened from Widgets page has &lt;pageURL&gt; and &lt;pageTitle&gt;​​​​" classname="bla.tm.definitions.site.products_and_docs.PD_WidgetsDefinition" time="0.023"/>
  <testcase name="Scenario: |/products-and-docs/widgets/| Verification for all the page&apos;s links" classname="Scenario: |/products-and-docs/widgets/| Verification for all the page&apos;s links" time="1.938"/>
  <testcase name="PD_Widgets.story" classname="PD_Widgets.story" time="1.939"/>
  <testcase name="Given open Support page" classname="bla.tm.definitions.site.support.SupportDefinition" time="4.346"/>
  <testcase name="Then check general page elements for Support Page, where DISQUS = true and LeftMenu = true" classname="bla.tm.definitions.site.support.SupportDefinition" time="0.424"/>
  <testcase name="Scenario: |/support/| Verification for general page&apos;s elements​" classname="Scenario: |/support/| Verification for general page&apos;s elements​" time="0.47"/>
  <testcase name="Support.story" classname="Support.story" time="0.538"/>
  <testcase name="Given open Branding Guide page" classname="bla.tm.definitions.site.support.Support_BrandingGuideDefinition" time="3.019"/>
  <testcase name="Then check general page elements for Branding Guide Page, where DISQUS = true and LeftMenu = true" classname="bla.tm.definitions.site.support.Support_BrandingGuideDefinition" time="0.296"/>
  <testcase name="Scenario: |/support/branding-guide/| Verification for general page&apos;s elements" classname="Scenario: |/support/branding-guide/| Verification for general page&apos;s elements" time="0.352"/>
  <testcase name="Support_BrandingGuide.story" classname="Support_BrandingGuide.story" time="0.414"/>
  <testcase name="Given open Contact Us page" classname="bla.tm.definitions.site.support.Support_ContactUsDefinition" time="4.528"/>
  <testcase name="Then check general page elements for Contact Us Page, where DISQUS = false and LeftMenu = true" classname="bla.tm.definitions.site.support.Support_ContactUsDefinition" time="10.247"/>
  <testcase name="Scenario: |/support/contact-us/| Verification for general page&apos;s elements" classname="Scenario: |/support/contact-us/| Verification for general page&apos;s elements" time="10.271"/>
  <testcase name="Support_ContactUs.story" classname="Support_ContactUs.story" time="10.334"/>
  <testcase name="Given open FAQ page" classname="bla.tm.definitions.site.support.Support_FAQDefinition" time="1.602"/>
  <testcase name="Then check general page elements for FAQ Page, where DISQUS = true and LeftMenu = true" classname="bla.tm.definitions.site.support.Support_FAQDefinition" time="0.651"/>
  <testcase name="Scenario: |/support/faq/| Verification for general page&apos;s elements" classname="Scenario: |/support/faq/| Verification for general page&apos;s elements" time="0.846"/>
  <testcase name="Support_FAQ.story" classname="Support_FAQ.story" time="0.908"/>
  <testcase name="Given open General Terms Of Use page" classname="bla.tm.definitions.site.support.Support_GeneralTermsOfUseDefinition" time="2.495"/>
  <testcase name="Then check general page elements for General Terms Of Use Page, where DISQUS = true and LeftMenu = true" classname="bla.tm.definitions.site.support.Support_GeneralTermsOfUseDefinition" time="0.721"/>
  <testcase name="Scenario: |/support/terms-of-use/| Verification for general page&apos;s elements" classname="Scenario: |/support/terms-of-use/| Verification for general page&apos;s elements" time="0.765"/>
  <testcase name="Support_GeneralTermsOfUse.story" classname="Support_GeneralTermsOfUse.story" time="0.827"/>
  <testcase name="Given open Partner API Terms Of Use page" classname="bla.tm.definitions.site.support.Support_PartnerAPITermsOfUseDefinition" time="1.638"/>
  <testcase name="Then check general page elements for Partner API Terms Of Use Page, where DISQUS = true and LeftMenu = true" classname="bla.tm.definitions.site.support.Support_PartnerAPITermsOfUseDefinition" time="0.265"/>
  <testcase name="Scenario: |/support/terms-of-use/partner/| Verification for general page&apos;s elements" classname="Scenario: |/support/terms-of-use/partner/| Verification for general page&apos;s elements" time="0.521"/>
  <testcase name="Support_PartnerAPITermsOfUse.story" classname="Support_PartnerAPITermsOfUse.story" time="0.607"/>
  <testcase name="Given open Calendar Widget page​​​" classname="bla.tm.definitions.site.products_and_docs.PD_Widget_CalendarDefinition" time="3.613"/>
  <testcase name="Then the required fields are not empty on the Calendar Widget page" classname="bla.tm.definitions.site.widgets.CalendarWidgetDefinition" time="0.394"/>
  <testcase name="Scenario: |/products-and-docs/widgets/calendar/| TECHNICAL TAB - Check that required fields are not empty" classname="Scenario: |/products-and-docs/widgets/calendar/| TECHNICAL TAB - Check that required fields are not empty" time="0.428"/>
  <testcase name="Given open Calendar Widget page​​​​" classname="bla.tm.definitions.site.products_and_docs.PD_Widget_CalendarDefinition" time="3.803"/>
  <testcase name="And change values for: apiKey,keyword,postalCodeApi" classname="bla.tm.definitions.site.widgets.CalendarWidgetDefinition" time="2.068"/>
  <testcase name="And store values of: apiKey,keyword,postalCodeApi" classname="bla.tm.definitions.site.widgets.CalendarWidgetDefinition" time="0.176"/>
  <testcase name="When click on &quot;Get code&quot; button" classname="bla.tm.definitions.site.widgets.CountdownWidgetDefinition" time="0.802"/>
  <testcase name="Then the pop-up Embedded Code is opened" classname="bla.tm.definitions.site.widgets.CountdownWidgetDefinition" time="0.483"/>
  <testcase name="And embedded html code contains stored values of: apiKey,keyword,postalCodeApi" classname="bla.tm.definitions.site.widgets.CalendarWidgetDefinition" time="0.249"/>
  <testcase name="Scenario: |/products-and-docs/widgets/calendar/| TECHNICAL TAB - Check that embed code functionality works properly" classname="Scenario: |/products-and-docs/widgets/calendar/| TECHNICAL TAB - Check that embed code functionality works properly" time="0.273"/>
  <testcase name="Given open Calendar Widget page​​​​​" classname="bla.tm.definitions.site.products_and_docs.PD_Widget_CalendarDefinition" time="4.872"/>
  <testcase name="And store values of: apiKey,keyword,postalCodeApi​" classname="bla.tm.definitions.site.widgets.CalendarWidgetDefinition" time="0.186"/>
  <testcase name="And change values for: apiKey,keyword,postalCodeApi​" classname="bla.tm.definitions.site.widgets.CalendarWidgetDefinition" time="1.95"/>
  <testcase name="When click reset button" classname="bla.tm.definitions.site.widgets.CountdownWidgetDefinition" time="1.712"/>
  <testcase name="Then values of fields: apiKey,keyword,postalCodeApi equals stored values" classname="bla.tm.definitions.site.widgets.CalendarWidgetDefinition" time="0.101"/>
  <testcase name="Scenario: |/products-and-docs/widgets/calendar/| TECHNICAL TAB - Check RESET button functionality" classname="Scenario: |/products-and-docs/widgets/calendar/| TECHNICAL TAB - Check RESET button functionality" time="0.122"/>
  <testcase name="Given open Calendar Widget page​​​​​​" classname="bla.tm.definitions.site.products_and_docs.PD_Widget_CalendarDefinition" time="2.82"/>
  <testcase name="And store values of: apiKey,keyword,postalCodeApi​​" classname="bla.tm.definitions.site.widgets.CalendarWidgetDefinition" time="0.448"/>
  <testcase name="And change values for: apiKey,keyword,postalCodeApi​​" classname="bla.tm.definitions.site.widgets.CalendarWidgetDefinition" time="2.605"/>
  <testcase name="When click reset button on Calendar Widget Page" classname="bla.tm.definitions.site.widgets.CalendarWidgetDefinition" time="1.15"/>
  <testcase name="And click on &quot;Get code&quot; button" classname="bla.tm.definitions.site.widgets.CountdownWidgetDefinition" time="0.79"/>
  <testcase name="Then the pop-up Embedded Code is opened​" classname="bla.tm.definitions.site.widgets.CountdownWidgetDefinition" time="0.444"/>
  <testcase name="And embedded html code contains stored values of: apiKey,keyword,postalCodeApi​" classname="bla.tm.definitions.site.widgets.CalendarWidgetDefinition" time="0.285"/>
  <testcase name="Scenario: |/products-and-docs/widgets/calendar/| Check RESET button functionality on Embedded Code Pop-up window" classname="Scenario: |/products-and-docs/widgets/calendar/| Check RESET button functionality on Embedded Code Pop-up window" time="0.347"/>
  <testcase name="Given open Calendar Widget page​​​​​​​" classname="bla.tm.definitions.site.products_and_docs.PD_Widget_CalendarDefinition" time="4.835"/>
  <testcase name="When I click on the &apos;Get your own&apos; link to get api key" classname="bla.tm.definitions.site.widgets.CountdownWidgetDefinition" time="0.308"/>
  <testcase name="Then The page is opened with url https://developer-acct.ticketmaster.com" classname="bla.tm.definitions.site.widgets.CountdownWidgetDefinition" time="0.728"/>
  <testcase name="Scenario: |/products-and-docs/widgets/calendar/| TECHNICAL TAB - Check links" classname="Scenario: |/products-and-docs/widgets/calendar/| TECHNICAL TAB - Check links" time="0.747"/>
  <testcase name="Given open Calendar Widget page​​​​​​​​" classname="bla.tm.definitions.site.products_and_docs.PD_Widget_CalendarDefinition" time="2.952"/>
  <testcase name="And enter custom ApiKey invalidApiKey123" classname="bla.tm.definitions.site.widgets.CountdownWidgetDefinition" time="0.59"/>
  <testcase name="Then the event message is shown &quot;No results were found&quot;" classname="bla.tm.definitions.site.widgets.CountdownWidgetDefinition" time="1.563"/>
  <testcase name="Scenario: |/products-and-docs/widgets/calendar/| Event message - Check event message for invalid API Key" classname="Scenario: |/products-and-docs/widgets/calendar/| Event message - Check event message for invalid API Key" time="1.592"/>
  <testcase name="CalendarWidget.story" classname="CalendarWidget.story" time="1.656"/>
  <testcase name="Given open Countdown Widget page​​​" classname="bla.tm.definitions.site.products_and_docs.PD_Widget_CountdownDefinition" time="3.234"/>
  <testcase name="Then check general page elements for page, where DISQUS = true and LeftMenu = true" classname="bla.tm.definitions.site.BlogsDefinition" time="0.238"/>
  <testcase name="Scenario: |/products-and-docs/widgets/countdown/| [3.3.1 Countdown widget layout]" classname="Scenario: |/products-and-docs/widgets/countdown/| [3.3.1 Countdown widget layout]" time="0.256"/>
  <testcase name="Given open Countdown Widget page​​​​" classname="bla.tm.definitions.site.products_and_docs.PD_Widget_CountdownDefinition" time="3.558"/>
  <testcase name="Then the required fields are not empty on the Countdown Widget page" classname="bla.tm.definitions.site.widgets.CountdownWidgetDefinition" time="0.184"/>
  <testcase name="Scenario: |/products-and-docs/widgets/countdown/| [3.3.2 Countdown widget : Common functionality is not broken]" classname="Scenario: |/products-and-docs/widgets/countdown/| [3.3.2 Countdown widget : Common functionality is not broken]" time="0.21"/>
  <testcase name="Given open Countdown Widget page​​​​​" classname="bla.tm.definitions.site.products_and_docs.PD_Widget_CountdownDefinition" time="4.628"/>
  <testcase name="And store ApiKey and EventId on Countdown Widget page" classname="bla.tm.definitions.site.widgets.CountdownWidgetDefinition" time="0.115"/>
  <testcase name="When click on &quot;Get code&quot; button​" classname="bla.tm.definitions.site.widgets.CountdownWidgetDefinition" time="0.717"/>
  <testcase name="Then the pop-up Embedded Code is opened​​" classname="bla.tm.definitions.site.widgets.CountdownWidgetDefinition" time="1.038"/>
  <testcase name="And embedded html code contains stored ApiKey and EventId" classname="bla.tm.definitions.site.widgets.CountdownWidgetDefinition" time="0.111"/>
  <testcase name="Scenario: |/products-and-docs/widgets/countdown/| TECHNICAL TAB - Verification of default embed code" classname="Scenario: |/products-and-docs/widgets/countdown/| TECHNICAL TAB - Verification of default embed code" time="0.131"/>
  <testcase name="Given open Countdown Widget page​​​​​​" classname="bla.tm.definitions.site.products_and_docs.PD_Widget_CountdownDefinition" time="2.97"/>
  <testcase name="And change value for ApiKey and EventId on Countdown Widget page" classname="bla.tm.definitions.site.widgets.CountdownWidgetDefinition" time="0.57"/>
  <testcase name="And store ApiKey and EventId on Countdown Widget page​" classname="bla.tm.definitions.site.widgets.CountdownWidgetDefinition" time="0.078"/>
  <testcase name="When click on &quot;Get code&quot; button​​" classname="bla.tm.definitions.site.widgets.CountdownWidgetDefinition" time="0.686"/>
  <testcase name="Then the pop-up Embedded Code is opened​​​" classname="bla.tm.definitions.site.widgets.CountdownWidgetDefinition" time="0.324"/>
  <testcase name="And embedded html code contains stored ApiKey and EventId​" classname="bla.tm.definitions.site.widgets.CountdownWidgetDefinition" time="0.126"/>
  <testcase name="Scenario: |/products-and-docs/widgets/countdown/| TECHNICAL TAB - Check that embed code functionality works properly" classname="Scenario: |/products-and-docs/widgets/countdown/| TECHNICAL TAB - Check that embed code functionality works properly" time="0.146"/>
  <testcase name="Given open Countdown Widget page​​​​​​​" classname="bla.tm.definitions.site.products_and_docs.PD_Widget_CountdownDefinition" time="2.404"/>
  <testcase name="And store ApiKey and EventId on Countdown Widget page​​" classname="bla.tm.definitions.site.widgets.CountdownWidgetDefinition" time="0.808"/>
  <testcase name="And change value for ApiKey and EventId on Countdown Widget page​" classname="bla.tm.definitions.site.widgets.CountdownWidgetDefinition" time="0.487"/>
  <testcase name="When submit form" classname="bla.tm.definitions.site.widgets.CountdownWidgetDefinition" time="0.116"/>
  <testcase name="And click reset button" classname="bla.tm.definitions.site.widgets.CountdownWidgetDefinition" time="1.79"/>
  <testcase name="Then the ApiKey and EventId fields have stored values" classname="bla.tm.definitions.site.widgets.CountdownWidgetDefinition" time="0.062"/>
  <testcase name="Scenario: |/products-and-docs/widgets/countdown/| TECHNICAL TAB - Check RESET button functionality" classname="Scenario: |/products-and-docs/widgets/countdown/| TECHNICAL TAB - Check RESET button functionality" time="0.084"/>
  <testcase name="Given open Countdown Widget page​​​​​​​​" classname="bla.tm.definitions.site.products_and_docs.PD_Widget_CountdownDefinition" time="4.425"/>
  <testcase name="And store ApiKey and EventId on Countdown Widget page​​​" classname="bla.tm.definitions.site.widgets.CountdownWidgetDefinition" time="0.279"/>
  <testcase name="And change value for ApiKey and EventId on Countdown Widget page​​" classname="bla.tm.definitions.site.widgets.CountdownWidgetDefinition" time="0.542"/>
  <testcase name="When submit form​" classname="bla.tm.definitions.site.widgets.CountdownWidgetDefinition" time="0.071"/>
  <testcase name="And click reset button​" classname="bla.tm.definitions.site.widgets.CountdownWidgetDefinition" time="1.714"/>
  <testcase name="And click on &quot;Get code&quot; button​" classname="bla.tm.definitions.site.widgets.CountdownWidgetDefinition" time="0.671"/>
  <testcase name="Then the pop-up Embedded Code is opened​​​​" classname="bla.tm.definitions.site.widgets.CountdownWidgetDefinition" time="0.347"/>
  <testcase name="And embedded html code contains stored ApiKey and EventId​​" classname="bla.tm.definitions.site.widgets.CountdownWidgetDefinition" time="0.149"/>
  <testcase name="Scenario: |/products-and-docs/widgets/countdown/| TECHNICAL TAB - Check RESET button functionality on Embedded Code Pop-up window" classname="Scenario: |/products-and-docs/widgets/countdown/| TECHNICAL TAB - Check RESET button functionality on Embedded Code Pop-up window" time="0.168"/>
  <testcase name="Given open Countdown Widget page​​​​​​​​​" classname="bla.tm.definitions.site.products_and_docs.PD_Widget_CountdownDefinition" time="1.98"/>
  <testcase name="When get eventId by keyword ZZ TOP" classname="bla.tm.definitions.site.widgets.CountdownWidgetDefinition" time="1.395"/>
  <testcase name="And set first eventId from list" classname="bla.tm.definitions.site.widgets.CountdownWidgetDefinition" time="1.758"/>
  <testcase name="Then the event poster contains ZZ TOP" classname="bla.tm.definitions.site.widgets.CountdownWidgetDefinition" time="0.356"/>
  <testcase name="Scenario: |/products-and-docs/widgets/countdown/| TECHNICAL TAB - Get new EventId" classname="Scenario: |/products-and-docs/widgets/countdown/| TECHNICAL TAB - Get new EventId" time="0.38"/>
  <testcase name="Given open Countdown Widget page​​​​​​​​​​" classname="bla.tm.definitions.site.products_and_docs.PD_Widget_CountdownDefinition" time="3.482"/>
  <testcase name="When I click on the &apos;Get your own&apos; link to get api key​" classname="bla.tm.definitions.site.widgets.CountdownWidgetDefinition" time="0.301"/>
  <testcase name="Then The page is opened with url https://developer-acct.ticketmaster.com​" classname="bla.tm.definitions.site.widgets.CountdownWidgetDefinition" time="1.412"/>
  <testcase name="Scenario: |/products-and-docs/widgets/countdown/| TECHNICAL TAB - Check links" classname="Scenario: |/products-and-docs/widgets/countdown/| TECHNICAL TAB - Check links" time="1.433"/>
  <testcase name="Given open Countdown Widget page​​​​​​​​​​​" classname="bla.tm.definitions.site.products_and_docs.PD_Widget_CountdownDefinition" time="4.69"/>
  <testcase name="And switch to VISUAL Tab" classname="bla.tm.definitions.site.widgets.CountdownWidgetDefinition" time="0.263"/>
  <testcase name="And set theme to full-width" classname="bla.tm.definitions.site.widgets.CountdownWidgetDefinition" time="0.893"/>
  <testcase name="When click on &quot;Get code&quot; button​​​" classname="bla.tm.definitions.site.widgets.CountdownWidgetDefinition" time="1.131"/>
  <testcase name="Then the pop-up Embedded Code is opened​​​​​" classname="bla.tm.definitions.site.widgets.CountdownWidgetDefinition" time="0.728"/>
  <testcase name="And embedded html code contains stored theme" classname="bla.tm.definitions.site.widgets.CountdownWidgetDefinition" time="0.099"/>
  <testcase name="Scenario: |/products-and-docs/widgets/countdown/| VISUAL TAB - Check Full-width mode" classname="Scenario: |/products-and-docs/widgets/countdown/| VISUAL TAB - Check Full-width mode" time="0.121"/>
  <testcase name="Given open Countdown Widget page​​​​​​​​​​​​" classname="bla.tm.definitions.site.products_and_docs.PD_Widget_CountdownDefinition" time="2.091"/>
  <testcase name="And switch to VISUAL Tab​" classname="bla.tm.definitions.site.widgets.CountdownWidgetDefinition" time="0.829"/>
  <testcase name="And set layout resolution to &lt;layoutResolution&gt;" classname="bla.tm.definitions.site.widgets.CountdownWidgetDefinition" time="0.892"/>
  <testcase name="When click on &quot;Get code&quot; button​​​​" classname="bla.tm.definitions.site.widgets.CountdownWidgetDefinition" time="0.848"/>
  <testcase name="Then the pop-up Embedded Code is opened​​​​​​" classname="bla.tm.definitions.site.widgets.CountdownWidgetDefinition" time="0.375"/>
  <testcase name="And embedded html code contains stored layout resolution" classname="bla.tm.definitions.site.widgets.CountdownWidgetDefinition" time="0.605"/>
  <testcase name="Given open Countdown Widget page​​​​​​​​​​​​​" classname="bla.tm.definitions.site.products_and_docs.PD_Widget_CountdownDefinition" time="2.703"/>
  <testcase name="And switch to VISUAL Tab​​" classname="bla.tm.definitions.site.widgets.CountdownWidgetDefinition" time="0.313"/>
  <testcase name="And set layout resolution to &lt;layoutResolution&gt;​" classname="bla.tm.definitions.site.widgets.CountdownWidgetDefinition" time="1.145"/>
  <testcase name="When click on &quot;Get code&quot; button​​​​​" classname="bla.tm.definitions.site.widgets.CountdownWidgetDefinition" time="1.109"/>
  <testcase name="Then the pop-up Embedded Code is opened​​​​​​​" classname="bla.tm.definitions.site.widgets.CountdownWidgetDefinition" time="0.272"/>
  <testcase name="And embedded html code contains stored layout resolution​" classname="bla.tm.definitions.site.widgets.CountdownWidgetDefinition" time="0.183"/>
  <testcase name="Given open Countdown Widget page​​​​​​​​​​​​​​" classname="bla.tm.definitions.site.products_and_docs.PD_Widget_CountdownDefinition" time="3.36"/>
  <testcase name="And switch to VISUAL Tab​​​" classname="bla.tm.definitions.site.widgets.CountdownWidgetDefinition" time="0.426"/>
  <testcase name="And set layout resolution to &lt;layoutResolution&gt;​​" classname="bla.tm.definitions.site.widgets.CountdownWidgetDefinition" time="1.426"/>
  <testcase name="When click on &quot;Get code&quot; button​​​​​​" classname="bla.tm.definitions.site.widgets.CountdownWidgetDefinition" time="1.107"/>
  <testcase name="Then the pop-up Embedded Code is opened​​​​​​​​" classname="bla.tm.definitions.site.widgets.CountdownWidgetDefinition" time="0.381"/>
  <testcase name="And embedded html code contains stored layout resolution​​" classname="bla.tm.definitions.site.widgets.CountdownWidgetDefinition" time="0.238"/>
  <testcase name="Given open Countdown Widget page​​​​​​​​​​​​​​​" classname="bla.tm.definitions.site.products_and_docs.PD_Widget_CountdownDefinition" time="2.04"/>
  <testcase name="And switch to VISUAL Tab​​​​" classname="bla.tm.definitions.site.widgets.CountdownWidgetDefinition" time="0.227"/>
  <testcase name="And set layout resolution to &lt;layoutResolution&gt;​​​" classname="bla.tm.definitions.site.widgets.CountdownWidgetDefinition" time="1.27"/>
  <testcase name="When click on &quot;Get code&quot; button​​​​​​​" classname="bla.tm.definitions.site.widgets.CountdownWidgetDefinition" time="0.724"/>
  <testcase name="Then the pop-up Embedded Code is opened​​​​​​​​​" classname="bla.tm.definitions.site.widgets.CountdownWidgetDefinition" time="1.051"/>
  <testcase name="And embedded html code contains stored layout resolution​​​" classname="bla.tm.definitions.site.widgets.CountdownWidgetDefinition" time="0.064"/>
  <testcase name="Scenario: |/products-and-docs/widgets/countdown/| [3.3.4 Countdown widget : Full-width]" classname="Scenario: |/products-and-docs/widgets/countdown/| [3.3.4 Countdown widget : Full-width]" time="0.126"/>
  <testcase name="Given open Countdown Widget page​​​​​​​​​​​​​​​​" classname="bla.tm.definitions.site.products_and_docs.PD_Widget_CountdownDefinition" time="3.088"/>
  <testcase name="And switch to VISUAL Tab​​​​​" classname="bla.tm.definitions.site.widgets.CountdownWidgetDefinition" time="0.205"/>
  <testcase name="And set layout orientation to &lt;orientation&gt;" classname="bla.tm.definitions.site.widgets.CountdownWidgetDefinition" time="1.44"/>
  <testcase name="When click on &quot;Get code&quot; button​​​​​​​​" classname="bla.tm.definitions.site.widgets.CountdownWidgetDefinition" time="0.773"/>
  <testcase name="Then the pop-up Embedded Code is opened​​​​​​​​​​" classname="bla.tm.definitions.site.widgets.CountdownWidgetDefinition" time="1.012"/>
  <testcase name="And embedded html code contains stored layout orientation" classname="bla.tm.definitions.site.widgets.CountdownWidgetDefinition" time="0.052"/>
  <testcase name="Given open Countdown Widget page​​​​​​​​​​​​​​​​​" classname="bla.tm.definitions.site.products_and_docs.PD_Widget_CountdownDefinition" time="4.458"/>
  <testcase name="And switch to VISUAL Tab​​​​​​" classname="bla.tm.definitions.site.widgets.CountdownWidgetDefinition" time="0.187"/>
  <testcase name="And set layout orientation to &lt;orientation&gt;​" classname="bla.tm.definitions.site.widgets.CountdownWidgetDefinition" time="1.048"/>
  <testcase name="When click on &quot;Get code&quot; button​​​​​​​​​" classname="bla.tm.definitions.site.widgets.CountdownWidgetDefinition" time="0.798"/>
  <testcase name="Then the pop-up Embedded Code is opened​​​​​​​​​​​" classname="bla.tm.definitions.site.widgets.CountdownWidgetDefinition" time="0.244"/>
  <testcase name="And embedded html code contains stored layout orientation​" classname="bla.tm.definitions.site.widgets.CountdownWidgetDefinition" time="0.096"/>
  <testcase name="Scenario: |/products-and-docs/widgets/countdown/| VISUAL TAB - Check Layout Orientations" classname="Scenario: |/products-and-docs/widgets/countdown/| VISUAL TAB - Check Layout Orientations" time="0.157"/>
  <testcase name="Given open Countdown Widget page​​​​​​​​​​​​​​​​​​" classname="bla.tm.definitions.site.products_and_docs.PD_Widget_CountdownDefinition" time="2.089"/>
  <testcase name="And enter custom ApiKey {InvalidApiKey123}" classname="bla.tm.definitions.site.widgets.CountdownWidgetDefinition" time="1.036"/>
  <testcase name="When submit form​​" classname="bla.tm.definitions.site.widgets.CountdownWidgetDefinition" time="0.089"/>
  <testcase name="Then the event message is shown &quot;No results were found&quot;​" classname="bla.tm.definitions.site.widgets.CountdownWidgetDefinition" time="0.107"/>
  <testcase name="Scenario: |/products-and-docs/widgets/countdown/| Event message - Check event message for invalid API Key" classname="Scenario: |/products-and-docs/widgets/countdown/| Event message - Check event message for invalid API Key" time="0.238"/>
  <testcase name="Given open Countdown Widget page​​​​​​​​​​​​​​​​​​​" classname="bla.tm.definitions.site.products_and_docs.PD_Widget_CountdownDefinition" time="2.344"/>
  <testcase name="And enter custom EventId invalidEventId123" classname="bla.tm.definitions.site.widgets.CountdownWidgetDefinition" time="1.029"/>
  <testcase name="When submit form​​​" classname="bla.tm.definitions.site.widgets.CountdownWidgetDefinition" time="0.127"/>
  <testcase name="Then the event message is shown &quot;No results were found&quot;​​" classname="bla.tm.definitions.site.widgets.CountdownWidgetDefinition" time="1.413">
    <failure message="Event message does not contains No results were found" type="java.lang.AssertionError">java.lang.AssertionError: Event message does not contains No results were found
	at bla.tm.definitions.site.widgets.CountdownWidgetDefinition.checkThatEventMessageIsShown(CountdownWidgetDefinition.java:192)
</failure>
    <system-out><![CDATA[Then the event message is shown "No results were found" (FAILED)
(java.lang.AssertionError: Event message does not contains No results were found)
]]></system-out>
  </testcase>
  <testcase name="Scenario: |/products-and-docs/widgets/countdown/| Event message - Check event message for invalid Event ID" classname="Scenario: |/products-and-docs/widgets/countdown/| Event message - Check event message for invalid Event ID" time="1.424">
    <failure message="scenario failed!" type="java.lang.AssertionError">java.lang.AssertionError: scenario failed!
</failure>
    <system-out><![CDATA[
java.lang.AssertionError: Event message does not contains No results were found
	at org.junit.Assert.fail(Assert.java:88)
	at org.junit.Assert.assertTrue(Assert.java:41)
	at bla.tm.steps.products_and_docs.PD_Widget_CountdownSteps.checkThatEventMessageIsShown(PD_Widget_CountdownSteps.java:218)
	at bla.tm.steps.products_and_docs.PD_Widget_CountdownSteps$$EnhancerByCGLIB$$58caa3fe.CGLIB$checkThatEventMessageIsShown$10(<generated>)
	at bla.tm.steps.products_and_docs.PD_Widget_CountdownSteps$$EnhancerByCGLIB$$58caa3fe$$FastClassByCGLIB$$92e46f5d.invoke(<generated>)
	at net.sf.cglib.proxy.MethodProxy.invokeSuper(MethodProxy.java:228)
	at net.thucydides.core.steps.StepInterceptor.invokeMethod(StepInterceptor.java:372)
	at net.thucydides.core.steps.StepInterceptor.executeTestStepMethod(StepInterceptor.java:357)
	at net.thucydides.core.steps.StepInterceptor.runTestStep(StepInterceptor.java:332)
	at net.thucydides.core.steps.StepInterceptor.testStepResult(StepInterceptor.java:134)
	at net.thucydides.core.steps.StepInterceptor.intercept(StepInterceptor.java:61)
	at bla.tm.steps.products_and_docs.PD_Widget_CountdownSteps$$EnhancerByCGLIB$$58caa3fe.checkThatEventMessageIsShown(<generated>)
	at bla.tm.definitions.site.widgets.CountdownWidgetDefinition.checkThatEventMessageIsShown(CountdownWidgetDefinition.java:192)
	(reflection-invoke)
	at org.jbehave.core.steps.StepCreator$ParametrisedStep.perform(StepCreator.java:733)
	at org.jbehave.core.embedder.PerformableTree$FineSoFar.run(PerformableTree.java:346)
...
]]></system-out>
  </testcase>
  <testcase name="CountdownWidget.story" classname="CountdownWidget.story" time="1.487">
    <failure message="story failed!" type="java.lang.AssertionError">java.lang.AssertionError: story failed!
</failure>
    <system-out><![CDATA[
]]></system-out>
    <system-err><![CDATA[[pool-1-thread-1] ERROR net.serenitybdd.core.Serenity - 
           __  _____ _____ ____ _____   _____ _    ___ _     _____ ____  
  _       / / |_   _| ____/ ___|_   _| |  ___/ \  |_ _| |   | ____|  _ \ 
 (_)_____| |    | | |  _| \___ \ | |   | |_ / _ \  | || |   |  _| | | | |
  _|_____| |    | | | |___ ___) || |   |  _/ ___ \ | || |___| |___| |_| |
 (_)     | |    |_| |_____|____/ |_|   |_|/_/   \_\___|_____|_____|____/ 
          \_\                                                            

TEST FAILED: (/products-and-docs/widgets/countdown/) Event message - Check event message for invalid Event ID
--------------------------------------------------------------------------
[pool-1-thread-1] ERROR net.serenitybdd.core.Serenity - TEST FAILED AT STEP Check that event message is shown: No results were found
[pool-1-thread-1] ERROR net.serenitybdd.core.Serenity - Event message does not contains No results were found
]]></system-err>
  </testcase>
  <testcase name="Given open Event Discovery Widget page​​​" classname="bla.tm.definitions.site.products_and_docs.PD_Widget_EventDiscoveryDefinition" time="4.711"/>
  <testcase name="Then the required fields are not empty and have default values on the Event Discovery Widget page" classname="bla.tm.definitions.site.widgets.EventDiscoveryWidgetDefinition" time="0.114"/>
  <testcase name="Scenario: |/products-and-docs/widgets/event-discovery/| TECHNICAL TAB - Check that required fields are not empty and have default values" classname="Scenario: |/products-and-docs/widgets/event-discovery/| TECHNICAL TAB - Check that required fields are not empty and have default values" time="0.371"/>
  <testcase name="Given open Event Discovery Widget page​​​​" classname="bla.tm.definitions.site.products_and_docs.PD_Widget_EventDiscoveryDefinition" time="4.519"/>
  <testcase name="And change all possible fields on the Event Discovery Widget page:" classname="bla.tm.definitions.site.widgets.EventDiscoveryWidgetDefinition" time="6.787"/>
  <testcase name="And store all fields values on the Event Discovery Widget page" classname="bla.tm.definitions.site.widgets.EventDiscoveryWidgetDefinition" time="0.437"/>
  <testcase name="When click on &quot;Get code&quot; button​​​​​​​​​​" classname="bla.tm.definitions.site.widgets.CountdownWidgetDefinition" time="0.963"/>
  <testcase name="Then the pop-up Embedded Code is opened​​​​​​​​​​​​" classname="bla.tm.definitions.site.widgets.CountdownWidgetDefinition" time="0.74"/>
  <testcase name="And embedded html code contains stored values on the Event Discovery Widget page" classname="bla.tm.definitions.site.widgets.EventDiscoveryWidgetDefinition" time="0.816"/>
  <testcase name="Scenario: |/products-and-docs/widgets/event-discovery/| TECHNICAL TAB - Check that embed code functionality works properly" classname="Scenario: |/products-and-docs/widgets/event-discovery/| TECHNICAL TAB - Check that embed code functionality works properly" time="0.839"/>
  <testcase name="Given open Event Discovery Widget page​​​​​" classname="bla.tm.definitions.site.products_and_docs.PD_Widget_EventDiscoveryDefinition" time="6.04"/>
  <testcase name="When search events by keyword &lt;keyword&gt; on Event Discovery Widget page" classname="bla.tm.definitions.site.widgets.EventDiscoveryWidgetDefinition" time="0.525"/>
  <testcase name="Then found events contains &lt;keyword&gt; on Event Discovery Widget page" classname="bla.tm.definitions.site.widgets.EventDiscoveryWidgetDefinition" time="2.675"/>
  <testcase name="Given open Event Discovery Widget page​​​​​​" classname="bla.tm.definitions.site.products_and_docs.PD_Widget_EventDiscoveryDefinition" time="5.118"/>
  <testcase name="When search events by keyword &lt;keyword&gt; on Event Discovery Widget page​" classname="bla.tm.definitions.site.widgets.EventDiscoveryWidgetDefinition" time="0.524"/>
  <testcase name="Then found events contains &lt;keyword&gt; on Event Discovery Widget page​" classname="bla.tm.definitions.site.widgets.EventDiscoveryWidgetDefinition" time="2.402"/>
  <testcase name="Scenario: |/products-and-docs/widgets/event-discovery/| TECHNICAL TAB - Check that KEYWORD field functionality works properly" classname="Scenario: |/products-and-docs/widgets/event-discovery/| TECHNICAL TAB - Check that KEYWORD field functionality works properly" time="2.466"/>
  <testcase name="Given open Event Discovery Widget page​​​​​​​" classname="bla.tm.definitions.site.products_and_docs.PD_Widget_EventDiscoveryDefinition" time="4.328"/>
  <testcase name="When set Event Count &lt;value&gt; on Event Discovery Widget page" classname="bla.tm.definitions.site.widgets.EventDiscoveryWidgetDefinition" time="2.765"/>
  <testcase name="Then the number of events equals or less than Event Count &lt;value&gt;" classname="bla.tm.definitions.site.widgets.EventDiscoveryWidgetDefinition" time="0.043"/>
  <testcase name="Given open Event Discovery Widget page​​​​​​​​" classname="bla.tm.definitions.site.products_and_docs.PD_Widget_EventDiscoveryDefinition" time="6.606"/>
  <testcase name="When set Event Count &lt;value&gt; on Event Discovery Widget page​" classname="bla.tm.definitions.site.widgets.EventDiscoveryWidgetDefinition" time="2.534"/>
  <testcase name="Then the number of events equals or less than Event Count &lt;value&gt;​" classname="bla.tm.definitions.site.widgets.EventDiscoveryWidgetDefinition" time="1.928"/>
  <testcase name="Scenario: |/products-and-docs/widgets/event-discovery/| TECHNICAL TAB - Check that EVENT COUNT works properly" classname="Scenario: |/products-and-docs/widgets/event-discovery/| TECHNICAL TAB - Check that EVENT COUNT works properly" time="2.005"/>
  <testcase name="Given open Event Discovery Widget page​​​​​​​​​" classname="bla.tm.definitions.site.products_and_docs.PD_Widget_EventDiscoveryDefinition" time="5.73"/>
  <testcase name="When set Event Count &lt;value&gt; on Event Discovery Widget page​​" classname="bla.tm.definitions.site.widgets.EventDiscoveryWidgetDefinition" time="2.7"/>
  <testcase name="Then the number of events equals Event Count &lt;actualValue&gt;" classname="bla.tm.definitions.site.widgets.EventDiscoveryWidgetDefinition" time="0.062"/>
  <testcase name="Given open Event Discovery Widget page​​​​​​​​​​" classname="bla.tm.definitions.site.products_and_docs.PD_Widget_EventDiscoveryDefinition" time="4.319"/>
  <testcase name="When set Event Count &lt;value&gt; on Event Discovery Widget page​​​" classname="bla.tm.definitions.site.widgets.EventDiscoveryWidgetDefinition" time="2.61"/>
  <testcase name="Then the number of events equals Event Count &lt;actualValue&gt;​" classname="bla.tm.definitions.site.widgets.EventDiscoveryWidgetDefinition" time="0.124"/>
  <testcase name="Given open Event Discovery Widget page​​​​​​​​​​​" classname="bla.tm.definitions.site.products_and_docs.PD_Widget_EventDiscoveryDefinition" time="4.472"/>
  <testcase name="When set Event Count &lt;value&gt; on Event Discovery Widget page​​​​" classname="bla.tm.definitions.site.widgets.EventDiscoveryWidgetDefinition" time="2.435"/>
  <testcase name="Then the number of events equals Event Count &lt;actualValue&gt;​​" classname="bla.tm.definitions.site.widgets.EventDiscoveryWidgetDefinition" time="1.36"/>
  <testcase name="Given open Event Discovery Widget page​​​​​​​​​​​​" classname="bla.tm.definitions.site.products_and_docs.PD_Widget_EventDiscoveryDefinition" time="4.911"/>
  <testcase name="When set Event Count &lt;value&gt; on Event Discovery Widget page​​​​​" classname="bla.tm.definitions.site.widgets.EventDiscoveryWidgetDefinition" time="2.835"/>
  <testcase name="Then the number of events equals Event Count &lt;actualValue&gt;​​​" classname="bla.tm.definitions.site.widgets.EventDiscoveryWidgetDefinition" time="1.186"/>
  <testcase name="Scenario: |/products-and-docs/widgets/event-discovery/| TECHNICAL TAB - Check boundary values of EVENT COUNT" classname="Scenario: |/products-and-docs/widgets/event-discovery/| TECHNICAL TAB - Check boundary values of EVENT COUNT" time="1.255"/>
  <testcase name="Given open Event Discovery Widget page​​​​​​​​​​​​​" classname="bla.tm.definitions.site.products_and_docs.PD_Widget_EventDiscoveryDefinition" time="5.236"/>
  <testcase name="When change value of ZipCode 90015 on Event Discovery Widget Page" classname="bla.tm.definitions.site.widgets.EventDiscoveryWidgetDefinition" time="0.855"/>
  <testcase name="And use GeoPosition on Event Discovery Widget page" classname="bla.tm.definitions.site.widgets.EventDiscoveryWidgetDefinition" time="0.171"/>
  <testcase name="And set Radius &lt;setValue&gt; on Event Discovery Widget page" classname="bla.tm.definitions.site.widgets.EventDiscoveryWidgetDefinition" time="1.132"/>
  <testcase name="Then Radius value is &lt;actualValue&gt; on Event Discovery Widget page" classname="bla.tm.definitions.site.widgets.EventDiscoveryWidgetDefinition" time="0.093"/>
  <testcase name="Given open Event Discovery Widget page​​​​​​​​​​​​​​" classname="bla.tm.definitions.site.products_and_docs.PD_Widget_EventDiscoveryDefinition" time="4.424"/>
  <testcase name="When change value of ZipCode 90015 on Event Discovery Widget Page​" classname="bla.tm.definitions.site.widgets.EventDiscoveryWidgetDefinition" time="1.063"/>
  <testcase name="And use GeoPosition on Event Discovery Widget page​" classname="bla.tm.definitions.site.widgets.EventDiscoveryWidgetDefinition" time="0.134"/>
  <testcase name="And set Radius &lt;setValue&gt; on Event Discovery Widget page​" classname="bla.tm.definitions.site.widgets.EventDiscoveryWidgetDefinition" time="1.253"/>
  <testcase name="Then Radius value is &lt;actualValue&gt; on Event Discovery Widget page​" classname="bla.tm.definitions.site.widgets.EventDiscoveryWidgetDefinition" time="0.071"/>
  <testcase name="Given open Event Discovery Widget page​​​​​​​​​​​​​​​" classname="bla.tm.definitions.site.products_and_docs.PD_Widget_EventDiscoveryDefinition" time="4.31"/>
  <testcase name="When change value of ZipCode 90015 on Event Discovery Widget Page​​" classname="bla.tm.definitions.site.widgets.EventDiscoveryWidgetDefinition" time="1.062"/>
  <testcase name="And use GeoPosition on Event Discovery Widget page​​" classname="bla.tm.definitions.site.widgets.EventDiscoveryWidgetDefinition" time="0.193"/>
  <testcase name="And set Radius &lt;setValue&gt; on Event Discovery Widget page​​" classname="bla.tm.definitions.site.widgets.EventDiscoveryWidgetDefinition" time="1.094"/>
  <testcase name="Then Radius value is &lt;actualValue&gt; on Event Discovery Widget page​​" classname="bla.tm.definitions.site.widgets.EventDiscoveryWidgetDefinition" time="0.071"/>
  <testcase name="Given open Event Discovery Widget page​​​​​​​​​​​​​​​​" classname="bla.tm.definitions.site.products_and_docs.PD_Widget_EventDiscoveryDefinition" time="4.737"/>
  <testcase name="Given open Event Discovery Widget page​​​​​​​​​​​​​​​​" classname="bla.tm.definitions.site.products_and_docs.PD_Widget_EventDiscoveryDefinition" time="4.426"/>
  <testcase name="Given open Event Discovery Widget page​​​​​​​​​​​​​​​​" classname="bla.tm.definitions.site.products_and_docs.PD_Widget_EventDiscoveryDefinition" time="4.897"/>
  <testcase name="Given open Event Discovery Widget page​​​​​​​​​​​​​​​​" classname="bla.tm.definitions.site.products_and_docs.PD_Widget_EventDiscoveryDefinition" time="5.835"/>
  <testcase name="When change value of ZipCode 90015 on Event Discovery Widget Page​​​" classname="bla.tm.definitions.site.widgets.EventDiscoveryWidgetDefinition" time="1.215"/>
  <testcase name="When change value of ZipCode 90015 on Event Discovery Widget Page​​​" classname="bla.tm.definitions.site.widgets.EventDiscoveryWidgetDefinition" time="0.299"/>
  <testcase name="When change value of ZipCode 90015 on Event Discovery Widget Page​​​" classname="bla.tm.definitions.site.widgets.EventDiscoveryWidgetDefinition" time="0.402"/>
  <testcase name="When change value of ZipCode 90015 on Event Discovery Widget Page​​​" classname="bla.tm.definitions.site.widgets.EventDiscoveryWidgetDefinition" time="0.615"/>
  <testcase name="And use GeoPosition on Event Discovery Widget page​​​" classname="bla.tm.definitions.site.widgets.EventDiscoveryWidgetDefinition" time="0.618"/>
  <testcase name="And use GeoPosition on Event Discovery Widget page​​​" classname="bla.tm.definitions.site.widgets.EventDiscoveryWidgetDefinition" time="0.502"/>
  <testcase name="And use GeoPosition on Event Discovery Widget page​​​" classname="bla.tm.definitions.site.widgets.EventDiscoveryWidgetDefinition" time="0.408"/>
  <testcase name="And use GeoPosition on Event Discovery Widget page​​​" classname="bla.tm.definitions.site.widgets.EventDiscoveryWidgetDefinition" time="0.431"/>
  <testcase name="And set Radius &lt;setValue&gt; on Event Discovery Widget page​​​" classname="bla.tm.definitions.site.widgets.EventDiscoveryWidgetDefinition" time="0.987"/>
  <testcase name="And set Radius &lt;setValue&gt; on Event Discovery Widget page​​​" classname="bla.tm.definitions.site.widgets.EventDiscoveryWidgetDefinition" time="0.737"/>
  <testcase name="And set Radius &lt;setValue&gt; on Event Discovery Widget page​​​" classname="bla.tm.definitions.site.widgets.EventDiscoveryWidgetDefinition" time="0.793"/>
  <testcase name="And set Radius &lt;setValue&gt; on Event Discovery Widget page​​​" classname="bla.tm.definitions.site.widgets.EventDiscoveryWidgetDefinition" time="0.708"/>
  <testcase name="Then Radius value is &lt;actualValue&gt; on Event Discovery Widget page​​​" classname="bla.tm.definitions.site.widgets.EventDiscoveryWidgetDefinition" time="0.074"/>
  <testcase name="Then Radius value is &lt;actualValue&gt; on Event Discovery Widget page​​​" classname="bla.tm.definitions.site.widgets.EventDiscoveryWidgetDefinition" time="0.996"/>
  <testcase name="Then Radius value is &lt;actualValue&gt; on Event Discovery Widget page​​​" classname="bla.tm.definitions.site.widgets.EventDiscoveryWidgetDefinition" time="0.226"/>
  <testcase name="Then Radius value is &lt;actualValue&gt; on Event Discovery Widget page​​​" classname="bla.tm.definitions.site.widgets.EventDiscoveryWidgetDefinition" time="0.236"/>
  <testcase name="Then Radius value is &lt;actualValue&gt; on Event Discovery Widget page​​​" classname="bla.tm.definitions.site.widgets.EventDiscoveryWidgetDefinition" time="0.883"/>
  <testcase name="Then Radius value is &lt;actualValue&gt; on Event Discovery Widget page​​​" classname="bla.tm.definitions.site.widgets.EventDiscoveryWidgetDefinition" time="0.566"/>
  <testcase name="Then Radius value is &lt;actualValue&gt; on Event Discovery Widget page​​​" classname="bla.tm.definitions.site.widgets.EventDiscoveryWidgetDefinition" time="0.174"/>
  <testcase name="Then Radius value is &lt;actualValue&gt; on Event Discovery Widget page​​​" classname="bla.tm.definitions.site.widgets.EventDiscoveryWidgetDefinition" time="0.911"/>
  <testcase name="Then Radius value is &lt;actualValue&gt; on Event Discovery Widget page​​​" classname="bla.tm.definitions.site.widgets.EventDiscoveryWidgetDefinition" time="0.295"/>
  <testcase name="Then Radius value is &lt;actualValue&gt; on Event Discovery Widget page​​​" classname="bla.tm.definitions.site.widgets.EventDiscoveryWidgetDefinition" time="0.07"/>
  <testcase name="Scenario: |/products-and-docs/widgets/event-discovery/| TECHNICAL TAB - Check boundary values of RADIUS" classname="Scenario: |/products-and-docs/widgets/event-discovery/| TECHNICAL TAB - Check boundary values of RADIUS" time="0.141"/>
  <testcase name="Given open Event Discovery Widget page​​​​​​​​​​​​​​​​​" classname="bla.tm.definitions.site.products_and_docs.PD_Widget_EventDiscoveryDefinition" time="6.874"/>
  <testcase name="And store all fields values on the Event Discovery Widget page​" classname="bla.tm.definitions.site.widgets.EventDiscoveryWidgetDefinition" time="0.234"/>
  <testcase name="And change all possible fields on the Event Discovery Widget page:​" classname="bla.tm.definitions.site.widgets.EventDiscoveryWidgetDefinition" time="0.84"/>
  <testcase name="Scenario: |/products-and-docs/widgets/event-discovery/| TECHNICAL TAB - Check that RESET button works properly" classname="Scenario: |/products-and-docs/widgets/event-discovery/| TECHNICAL TAB - Check that RESET button works properly" time="0.861"/>
  <testcase name="Scenario: |/products-and-docs/widgets/event-discovery/| TECHNICAL TAB - Check links" classname="Scenario: |/products-and-docs/widgets/event-discovery/| TECHNICAL TAB - Check links" time="0.133"/>
  <testcase name="Given open Event Discovery Widget page​​​​​​​​​​​​​​​​​​​" classname="bla.tm.definitions.site.products_and_docs.PD_Widget_EventDiscoveryDefinition" time="3.9"/>
  <testcase name="And switch to VISUAL Tab​​​​​​​" classname="bla.tm.definitions.site.widgets.CountdownWidgetDefinition" time="0.519"/>
  <testcase name="And set theme to poster" classname="bla.tm.definitions.site.widgets.CountdownWidgetDefinition" time="0.478"/>
  <testcase name="And set layout resolution to &lt;layoutResolution&gt;​​​​" classname="bla.tm.definitions.site.widgets.CountdownWidgetDefinition" time="0.746"/>
  <testcase name="When click on &quot;Get code&quot; button​​​​​​​​​​​" classname="bla.tm.definitions.site.widgets.CountdownWidgetDefinition" time="1.223"/>
  <testcase name="Then the pop-up Embedded Code is opened​​​​​​​​​​​​​" classname="bla.tm.definitions.site.widgets.CountdownWidgetDefinition" time="0.515"/>
  <testcase name="And embedded html code contains stored layout resolution​​​​" classname="bla.tm.definitions.site.widgets.CountdownWidgetDefinition" time="0.06"/>
  <testcase name="Given open Event Discovery Widget page​​​​​​​​​​​​​​​​​​​​" classname="bla.tm.definitions.site.products_and_docs.PD_Widget_EventDiscoveryDefinition" time="5.302"/>
  <testcase name="And switch to VISUAL Tab​​​​​​​​" classname="bla.tm.definitions.site.widgets.CountdownWidgetDefinition" time="0.177"/>
  <testcase name="And set theme to poster​" classname="bla.tm.definitions.site.widgets.CountdownWidgetDefinition" time="0.506"/>
  <testcase name="And set layout resolution to &lt;layoutResolution&gt;​​​​​" classname="bla.tm.definitions.site.widgets.CountdownWidgetDefinition" time="0.747"/>
  <testcase name="When click on &quot;Get code&quot; button​​​​​​​​​​​​" classname="bla.tm.definitions.site.widgets.CountdownWidgetDefinition" time="0.906"/>
  <testcase name="Then the pop-up Embedded Code is opened​​​​​​​​​​​​​​" classname="bla.tm.definitions.site.widgets.CountdownWidgetDefinition" time="1.011"/>
  <testcase name="And embedded html code contains stored layout resolution​​​​​" classname="bla.tm.definitions.site.widgets.CountdownWidgetDefinition" time="0.058"/>
  <testcase name="And embedded html code contains stored layout resolution​​​​​" classname="bla.tm.definitions.site.widgets.CountdownWidgetDefinition" time="4.52"/>
  <testcase name="And embedded html code contains stored layout resolution​​​​​" classname="bla.tm.definitions.site.widgets.CountdownWidgetDefinition" time="0.521"/>
  <testcase name="And embedded html code contains stored layout resolution​​​​​" classname="bla.tm.definitions.site.widgets.CountdownWidgetDefinition" time="0.913"/>
  <testcase name="Scenario: |/products-and-docs/widgets/event-discovery/| VISUAL TAB - Check Layout Resolutions" classname="Scenario: |/products-and-docs/widgets/event-discovery/| VISUAL TAB - Check Layout Resolutions" time="0.121"/>
  <testcase name="Scenario: |/products-and-docs/widgets/event-discovery/| VISUAL TAB - Check Layout Orientations" classname="Scenario: |/products-and-docs/widgets/event-discovery/| VISUAL TAB - Check Layout Orientations" time="0.935"/>
  <testcase name="EventDiscoveryWidget.story" classname="EventDiscoveryWidget.story" time="0.999"/>
  <testcase name="Given open Tutorials Widgets page​​​​" classname="bla.tm.definitions.site.products_and_docs.PD_Tutorials_WidgetsDefinition" time="2.016"/>
  <testcase name="[PENDING] And Feedback widget is not shown" classname="[PENDING] And Feedback widget is not shown" time="0">
    <skipped/>
    <system-out><![CDATA[And Feedback widget is not shown (PENDING)
]]></system-out>
  </testcase>
  <testcase name="When click Feedback button of Tutorials Widgets page" classname="bla.tm.definitions.site.products_and_docs.PD_Tutorials_WidgetsDefinition" time="0">
    <skipped/>
    <system-out><![CDATA[When click Feedback button of Tutorials Widgets page (NOT PERFORMED)
]]></system-out>
    <system-err><![CDATA[[pool-1-thread-1] INFO net.serenitybdd.core.Serenity - TEST PENDING
]]></system-err>
  </testcase>
  <testcase name="[PENDING] Then Feedback widget elements are shown" classname="[PENDING] Then Feedback widget elements are shown" time="0">
    <skipped/>
    <system-out><![CDATA[Then Feedback widget elements are shown (PENDING)
]]></system-out>
  </testcase>
  <testcase name="Scenario: |feedback widget| Check that Feedback widget Elements are shown" classname="Scenario: |feedback widget| Check that Feedback widget Elements are shown" time="2.035"/>
  <testcase name="Given open Tutorials Widgets page​​​​​" classname="bla.tm.definitions.site.products_and_docs.PD_Tutorials_WidgetsDefinition" time="1.652"/>
  <testcase name="When click Feedback button of Tutorials Widgets page​" classname="bla.tm.definitions.site.products_and_docs.PD_Tutorials_WidgetsDefinition" time="0.117"/>
  <testcase name="[PENDING] Then click close button of Feedback widget" classname="[PENDING] Then click close button of Feedback widget" time="0">
    <skipped/>
    <system-out><![CDATA[Then click close button of Feedback widget (PENDING)
]]></system-out>
  </testcase>
  <testcase name="[PENDING] And Feedback widget is not shown​" classname="[PENDING] And Feedback widget is not shown​" time="0">
    <skipped/>
    <system-out><![CDATA[And Feedback widget is not shown (PENDING)
]]></system-out>
    <system-err><![CDATA[[pool-1-thread-1] INFO net.serenitybdd.core.Serenity - TEST PENDING
]]></system-err>
  </testcase>
  <testcase name="Scenario: |feedback widget| Feedback widget Close button" classname="Scenario: |feedback widget| Feedback widget Close button" time="0.129"/>
  <testcase name="Given open Tutorials Widgets page​​​​​​" classname="bla.tm.definitions.site.products_and_docs.PD_Tutorials_WidgetsDefinition" time="2.204"/>
  <testcase name="And click Feedback button of Tutorials Widgets page" classname="bla.tm.definitions.site.products_and_docs.PD_Tutorials_WidgetsDefinition" time="0.119"/>
  <testcase name="When all fields except Name are populated" classname="bla.tm.definitions.site.products_and_docs.PD_Tutorials_WidgetsDefinition" time="0.826"/>
  <testcase name="[PENDING] And click send button of Feedback widget" classname="[PENDING] And click send button of Feedback widget" time="0">
    <skipped/>
    <system-out><![CDATA[And click send button of Feedback widget (PENDING)
]]></system-out>
  </testcase>
  <testcase name="[PENDING] Then error notification is shown for Feedback widget" classname="[PENDING] Then error notification is shown for Feedback widget" time="0">
    <skipped/>
    <system-out><![CDATA[Then error notification is shown for Feedback widget (PENDING)
]]></system-out>
    <system-err><![CDATA[[pool-1-thread-1] INFO net.serenitybdd.core.Serenity - TEST PENDING
]]></system-err>
  </testcase>
  <testcase name="Scenario: |feedback widget| Feedback widget error notifications for NAME field" classname="Scenario: |feedback widget| Feedback widget error notifications for NAME field" time="0.836"/>
  <testcase name="Given open Tutorials Widgets page​​​​​​​" classname="bla.tm.definitions.site.products_and_docs.PD_Tutorials_WidgetsDefinition" time="1.5"/>
  <testcase name="And click Feedback button of Tutorials Widgets page​" classname="bla.tm.definitions.site.products_and_docs.PD_Tutorials_WidgetsDefinition" time="0.133"/>
  <testcase name="When all fields except Email are populated" classname="bla.tm.definitions.site.products_and_docs.PD_Tutorials_WidgetsDefinition" time="0.511"/>
  <testcase name="[PENDING] And click send button of Feedback widget​" classname="[PENDING] And click send button of Feedback widget​" time="0">
    <skipped/>
    <system-out><![CDATA[And click send button of Feedback widget (PENDING)
]]></system-out>
  </testcase>
  <testcase name="[PENDING] Then error notification is shown for Feedback widget​" classname="[PENDING] Then error notification is shown for Feedback widget​" time="0">
    <skipped/>
    <system-out><![CDATA[Then error notification is shown for Feedback widget (PENDING)
]]></system-out>
    <system-err><![CDATA[[pool-1-thread-1] INFO net.serenitybdd.core.Serenity - TEST PENDING
]]></system-err>
  </testcase>
  <testcase name="Scenario: |feedback widget| Feedback widget error notifications for Email field" classname="Scenario: |feedback widget| Feedback widget error notifications for Email field" time="0.523"/>
  <testcase name="FeedbackWidget.story" classname="FeedbackWidget.story" time="0.583"/>
  <testcase name="Given open Map Widget page" classname="bla.tm.definitions.site.products_and_docs.PD_Widget_MapDefinition" time="4.672"/>
  <testcase name="Then the required fields are not empty on the Map Widget page" classname="bla.tm.definitions.site.products_and_docs.PD_Widget_MapDefinition" time="0.129"/>
  <testcase name="Scenario: |/products-and-docs/widgets/map/| [3.7.1 Map widget : Check that required fields are not empty]" classname="Scenario: |/products-and-docs/widgets/map/| [3.7.1 Map widget : Check that required fields are not empty]" time="0.156"/>
  <testcase name="Given open Map Widget page​" classname="bla.tm.definitions.site.products_and_docs.PD_Widget_MapDefinition" time="3.947"/>
  <testcase name="And change all possible fields on the Map Widget page:" classname="bla.tm.definitions.site.products_and_docs.PD_Widget_MapDefinition" time="7.125"/>
  <testcase name="And store all fields values on the Map Widget page" classname="bla.tm.definitions.site.products_and_docs.PD_Widget_MapDefinition" time="0.537"/>
  <testcase name="When click on &quot;Get code&quot; button​​​​​​​​​​​​​​​​" classname="bla.tm.definitions.site.widgets.CountdownWidgetDefinition" time="0.958"/>
  <testcase name="Then the pop-up Embedded Code is opened​​​​​​​​​​​​​​​​​​" classname="bla.tm.definitions.site.widgets.CountdownWidgetDefinition" time="0.386"/>
  <testcase name="And embedded html code contains stored values on the Map Widget page" classname="bla.tm.definitions.site.products_and_docs.PD_Widget_MapDefinition" time="1.317"/>
  <testcase name="Scenario: |/products-and-docs/widgets/map/| [3.7.2 Map widget : Embedded code functionality works properly]" classname="Scenario: |/products-and-docs/widgets/map/| [3.7.2 Map widget : Embedded code functionality works properly]" time="1.347"/>
  <testcase name="Given open Map Widget page​​" classname="bla.tm.definitions.site.products_and_docs.PD_Widget_MapDefinition" time="6.181"/>
  <testcase name="And store values on Map Widget page: apiKey,keyword,zipCode" classname="bla.tm.definitions.site.products_and_docs.PD_Widget_MapDefinition" time="0.237"/>
  <testcase name="And change values for on Map Widget page: apiKey,keyword,zipCode" classname="bla.tm.definitions.site.products_and_docs.PD_Widget_MapDefinition" time="2.167"/>
  <testcase name="When click reset button​​" classname="bla.tm.definitions.site.widgets.CountdownWidgetDefinition" time="1.713"/>
  <testcase name="Then values equals to stored values of fields on Map Widget page: apiKey,keyword,zipCode" classname="bla.tm.definitions.site.products_and_docs.PD_Widget_MapDefinition" time="0.541"/>
  <testcase name="Scenario: |/products-and-docs/widgets/map/| [3.7.3 Map widget : Check RESET button functionality]" classname="Scenario: |/products-and-docs/widgets/map/| [3.7.3 Map widget : Check RESET button functionality]" time="0.565"/>
  <testcase name="Given open Map Widget page​​​" classname="bla.tm.definitions.site.products_and_docs.PD_Widget_MapDefinition" time="2.953"/>
  <testcase name="And store values on Map Widget page: apiKey,keyword,zipCode​" classname="bla.tm.definitions.site.products_and_docs.PD_Widget_MapDefinition" time="1.51"/>
  <testcase name="And change values for on Map Widget page: apiKey,keyword,zipCode​" classname="bla.tm.definitions.site.products_and_docs.PD_Widget_MapDefinition" time="2.548"/>
  <testcase name="When click reset button​​​" classname="bla.tm.definitions.site.widgets.CountdownWidgetDefinition" time="1.767"/>
  <testcase name="And click on &quot;Get code&quot; button​​" classname="bla.tm.definitions.site.widgets.CountdownWidgetDefinition" time="0.925"/>
  <testcase name="Then the pop-up Embedded Code is opened​​​​​​​​​​​​​​​​​​​" classname="bla.tm.definitions.site.widgets.CountdownWidgetDefinition" time="0.347"/>
  <testcase name="And embedded html code on Map Widget contains stored values of: apiKey,keyword,zipCode" classname="bla.tm.definitions.site.products_and_docs.PD_Widget_MapDefinition" time="0.348"/>
  <testcase name="Scenario: |/products-and-docs/widgets/map/| [3.7.4 Map widget : Check RESET button functionality on embedded pop-up window]" classname="Scenario: |/products-and-docs/widgets/map/| [3.7.4 Map widget : Check RESET button functionality on embedded pop-up window]" time="0.376"/>
  <testcase name="Given open Map Widget page​​​​" classname="bla.tm.definitions.site.products_and_docs.PD_Widget_MapDefinition" time="4.103"/>
  <testcase name="When I click on the &apos;Get your own&apos; link to get api key​​​" classname="bla.tm.definitions.site.widgets.CountdownWidgetDefinition" time="0.239"/>
  <testcase name="Then The page is opened with url https://developer-acct.ticketmaster.com​​​" classname="bla.tm.definitions.site.widgets.CountdownWidgetDefinition" time="0.702"/>
  <testcase name="Scenario: |/products-and-docs/widgets/map/| [3.7.7 Map widget : Check links]" classname="Scenario: |/products-and-docs/widgets/map/| [3.7.7 Map widget : Check links]" time="0.722"/>
  <testcase name="Given open Map Widget page​​​​​" classname="bla.tm.definitions.site.products_and_docs.PD_Widget_MapDefinition" time="3.712"/>
  <testcase name="And enter custom ApiKey invalidApiKey123​" classname="bla.tm.definitions.site.widgets.CountdownWidgetDefinition" time="0.259"/>
  <testcase name="Then the event message is shown &quot;No results were found&quot;​​​" classname="bla.tm.definitions.site.widgets.CountdownWidgetDefinition" time="0.846"/>
  <testcase name="Scenario: |/products-and-docs/widgets/map/| Event message - Check event message for invalid API Key" classname="Scenario: |/products-and-docs/widgets/map/| Event message - Check event message for invalid API Key" time="0.864"/>
  <testcase name="MapWidget.story" classname="MapWidget.story" time="0.929"/>
  <testcase name="Given open Getting Started page​​​​​" classname="bla.tm.definitions.site.products_and_docs.PD_GettingStartedDefinition" time="4.914"/>
  <testcase name="Then Summary widget is shown for Getting Started page" classname="bla.tm.definitions.site.products_and_docs.PD_GettingStartedDefinition" time="0.078"/>
  <testcase name="Scenario: |summary widget| TKMDPA-870 Summary widget check for Getting Started page" classname="Scenario: |summary widget| TKMDPA-870 Summary widget check for Getting Started page" time="0.1"/>
  <testcase name="Given open Home page​​​​​​​​​​​​​​​​​​" classname="bla.tm.definitions.site.HomePageDefinition" time="3.314"/>
  <testcase name="Then Summary widget is shown for Home page" classname="bla.tm.definitions.site.HomePageDefinition" time="0.08"/>
  <testcase name="Scenario: |summary widget| TKMDPA-870 Summary widget check for Home page" classname="Scenario: |summary widget| TKMDPA-870 Summary widget check for Home page" time="0.202"/>
  <testcase name="Given open API Explorer page​​​" classname="bla.tm.definitions.site.products_and_docs.PD_APIExplorerDefinition" time="3.708"/>
  <testcase name="Then Summary widget is shown for API Explorer page" classname="bla.tm.definitions.site.products_and_docs.PD_APIExplorerDefinition" time="0.124"/>
  <testcase name="Scenario: |summary widget| TKMDPA-870 Summary widget check for API Explorer page" classname="Scenario: |summary widget| TKMDPA-870 Summary widget check for API Explorer page" time="0.147"/>
  <testcase name="SummaryWidget.story" classname="SummaryWidget.story" time="0.656"/>
  <testcase name="AfterStories" classname="java.lang.Object" time="0"/>
</testsuite>